{"/Users/jasminka/GitHubRepo/quiz-app/src/App.jsx": {"path":"/Users/jasminka/GitHubRepo/quiz-app/src/App.jsx","statementMap":{"0":{"start":{"line":7,"column":18},"end":{"line":7,"column":45}},"1":{"start":{"line":8,"column":18},"end":{"line":8,"column":86}},"2":{"start":{"line":11,"column":34},"end":{"line":11,"column":62}},"3":{"start":{"line":11,"column":49},"end":{"line":11,"column":61}},"4":{"start":{"line":12,"column":36},"end":{"line":12,"column":48}},"5":{"start":{"line":13,"column":38},"end":{"line":13,"column":49}},"6":{"start":{"line":14,"column":36},"end":{"line":14,"column":48}},"7":{"start":{"line":15,"column":36},"end":{"line":15,"column":51}},"8":{"start":{"line":16,"column":24},"end":{"line":16,"column":49}},"9":{"start":{"line":16,"column":39},"end":{"line":16,"column":48}},"10":{"start":{"line":17,"column":2},"end":{"line":31,"column":18}},"11":{"start":{"line":19,"column":4},"end":{"line":30,"column":5}},"12":{"start":{"line":20,"column":6},"end":{"line":29,"column":8}},"13":{"start":{"line":21,"column":23},"end":{"line":21,"column":30}},"14":{"start":{"line":22,"column":8},"end":{"line":27,"column":9}},"15":{"start":{"line":24,"column":10},"end":{"line":24,"column":36}},"16":{"start":{"line":26,"column":10},"end":{"line":26,"column":18}},"17":{"start":{"line":28,"column":8},"end":{"line":28,"column":22}},"18":{"start":{"line":32,"column":2},"end":{"line":36,"column":17}},"19":{"start":{"line":33,"column":4},"end":{"line":35,"column":5}},"20":{"start":{"line":34,"column":6},"end":{"line":34,"column":23}},"21":{"start":{"line":37,"column":2},"end":{"line":41,"column":11}},"22":{"start":{"line":38,"column":4},"end":{"line":40,"column":5}},"23":{"start":{"line":39,"column":6},"end":{"line":39,"column":23}},"24":{"start":{"line":45,"column":26},"end":{"line":45,"column":82}},"25":{"start":{"line":46,"column":4},"end":{"line":46,"column":75}},"26":{"start":{"line":46,"column":32},"end":{"line":46,"column":74}},"27":{"start":{"line":50,"column":4},"end":{"line":50,"column":30}},"28":{"start":{"line":55,"column":4},"end":{"line":55,"column":29}},"29":{"start":{"line":56,"column":4},"end":{"line":56,"column":21}},"30":{"start":{"line":60,"column":4},"end":{"line":60,"column":23}},"31":{"start":{"line":61,"column":4},"end":{"line":73,"column":42}},"32":{"start":{"line":63,"column":8},"end":{"line":67,"column":9}},"33":{"start":{"line":64,"column":10},"end":{"line":64,"column":32}},"34":{"start":{"line":66,"column":10},"end":{"line":66,"column":42}},"35":{"start":{"line":70,"column":8},"end":{"line":70,"column":35}},"36":{"start":{"line":73,"column":21},"end":{"line":73,"column":40}},"37":{"start":{"line":76,"column":2},"end":{"line":90,"column":3}},"38":{"start":{"line":77,"column":4},"end":{"line":77,"column":87}},"39":{"start":{"line":78,"column":9},"end":{"line":90,"column":3}},"40":{"start":{"line":79,"column":4},"end":{"line":85,"column":6}},"41":{"start":{"line":86,"column":9},"end":{"line":90,"column":3}},"42":{"start":{"line":87,"column":4},"end":{"line":87,"column":63}},"43":{"start":{"line":89,"column":4},"end":{"line":89,"column":51}}},"fnMap":{"0":{"name":"App","decl":{"start":{"line":10,"column":9},"end":{"line":10,"column":12}},"loc":{"start":{"line":10,"column":15},"end":{"line":91,"column":1}},"line":10},"1":{"name":"(anonymous_1)","decl":{"start":{"line":11,"column":43},"end":{"line":11,"column":44}},"loc":{"start":{"line":11,"column":49},"end":{"line":11,"column":61}},"line":11},"2":{"name":"(anonymous_2)","decl":{"start":{"line":16,"column":33},"end":{"line":16,"column":34}},"loc":{"start":{"line":16,"column":39},"end":{"line":16,"column":48}},"line":16},"3":{"name":"(anonymous_3)","decl":{"start":{"line":17,"column":18},"end":{"line":17,"column":19}},"loc":{"start":{"line":17,"column":24},"end":{"line":31,"column":3}},"line":17},"4":{"name":"(anonymous_4)","decl":{"start":{"line":20,"column":20},"end":{"line":20,"column":21}},"loc":{"start":{"line":20,"column":27},"end":{"line":29,"column":7}},"line":20},"5":{"name":"(anonymous_5)","decl":{"start":{"line":32,"column":12},"end":{"line":32,"column":13}},"loc":{"start":{"line":32,"column":18},"end":{"line":36,"column":3}},"line":32},"6":{"name":"(anonymous_6)","decl":{"start":{"line":37,"column":12},"end":{"line":37,"column":13}},"loc":{"start":{"line":37,"column":18},"end":{"line":41,"column":3}},"line":37},"7":{"name":"answerQuestion","decl":{"start":{"line":43,"column":11},"end":{"line":43,"column":25}},"loc":{"start":{"line":43,"column":34},"end":{"line":47,"column":3}},"line":43},"8":{"name":"(anonymous_8)","decl":{"start":{"line":46,"column":17},"end":{"line":46,"column":18}},"loc":{"start":{"line":46,"column":32},"end":{"line":46,"column":74}},"line":46},"9":{"name":"startQuiz","decl":{"start":{"line":49,"column":11},"end":{"line":49,"column":20}},"loc":{"start":{"line":49,"column":23},"end":{"line":51,"column":3}},"line":49},"10":{"name":"playAgain","decl":{"start":{"line":53,"column":11},"end":{"line":53,"column":20}},"loc":{"start":{"line":53,"column":23},"end":{"line":57,"column":3}},"line":53},"11":{"name":"fetchQuestions","decl":{"start":{"line":59,"column":11},"end":{"line":59,"column":25}},"loc":{"start":{"line":59,"column":28},"end":{"line":74,"column":3}},"line":59},"12":{"name":"(anonymous_12)","decl":{"start":{"line":62,"column":12},"end":{"line":62,"column":13}},"loc":{"start":{"line":62,"column":24},"end":{"line":68,"column":7}},"line":62},"13":{"name":"(anonymous_13)","decl":{"start":{"line":69,"column":12},"end":{"line":69,"column":13}},"loc":{"start":{"line":69,"column":20},"end":{"line":71,"column":7}},"line":69},"14":{"name":"(anonymous_14)","decl":{"start":{"line":73,"column":15},"end":{"line":73,"column":16}},"loc":{"start":{"line":73,"column":21},"end":{"line":73,"column":40}},"line":73}},"branchMap":{"0":{"loc":{"start":{"line":19,"column":4},"end":{"line":30,"column":5}},"type":"if","locations":[{"start":{"line":19,"column":4},"end":{"line":30,"column":5}},{"start":{"line":19,"column":4},"end":{"line":30,"column":5}}],"line":19},"1":{"loc":{"start":{"line":22,"column":8},"end":{"line":27,"column":9}},"type":"if","locations":[{"start":{"line":22,"column":8},"end":{"line":27,"column":9}},{"start":{"line":22,"column":8},"end":{"line":27,"column":9}}],"line":22},"2":{"loc":{"start":{"line":33,"column":4},"end":{"line":35,"column":5}},"type":"if","locations":[{"start":{"line":33,"column":4},"end":{"line":35,"column":5}},{"start":{"line":33,"column":4},"end":{"line":35,"column":5}}],"line":33},"3":{"loc":{"start":{"line":38,"column":4},"end":{"line":40,"column":5}},"type":"if","locations":[{"start":{"line":38,"column":4},"end":{"line":40,"column":5}},{"start":{"line":38,"column":4},"end":{"line":40,"column":5}}],"line":38},"4":{"loc":{"start":{"line":63,"column":8},"end":{"line":67,"column":9}},"type":"if","locations":[{"start":{"line":63,"column":8},"end":{"line":67,"column":9}},{"start":{"line":63,"column":8},"end":{"line":67,"column":9}}],"line":63},"5":{"loc":{"start":{"line":76,"column":2},"end":{"line":90,"column":3}},"type":"if","locations":[{"start":{"line":76,"column":2},"end":{"line":90,"column":3}},{"start":{"line":76,"column":2},"end":{"line":90,"column":3}}],"line":76},"6":{"loc":{"start":{"line":78,"column":9},"end":{"line":90,"column":3}},"type":"if","locations":[{"start":{"line":78,"column":9},"end":{"line":90,"column":3}},{"start":{"line":78,"column":9},"end":{"line":90,"column":3}}],"line":78},"7":{"loc":{"start":{"line":86,"column":9},"end":{"line":90,"column":3}},"type":"if","locations":[{"start":{"line":86,"column":9},"end":{"line":90,"column":3}},{"start":{"line":86,"column":9},"end":{"line":90,"column":3}}],"line":86}},"s":{"0":0,"1":0,"2":0,"3":0,"4":0,"5":0,"6":0,"7":0,"8":0,"9":0,"10":0,"11":0,"12":0,"13":0,"14":0,"15":0,"16":0,"17":0,"18":0,"19":0,"20":0,"21":0,"22":0,"23":0,"24":0,"25":0,"26":0,"27":0,"28":0,"29":0,"30":0,"31":0,"32":0,"33":0,"34":0,"35":0,"36":0,"37":0,"38":0,"39":0,"40":0,"41":0,"42":0,"43":0},"f":{"0":0,"1":0,"2":0,"3":0,"4":0,"5":0,"6":0,"7":0,"8":0,"9":0,"10":0,"11":0,"12":0,"13":0,"14":0},"b":{"0":[0,0],"1":[0,0],"2":[0,0],"3":[0,0],"4":[0,0],"5":[0,0],"6":[0,0],"7":[0,0]}}
,"/Users/jasminka/GitHubRepo/quiz-app/src/index.jsx": {"path":"/Users/jasminka/GitHubRepo/quiz-app/src/index.jsx","statementMap":{"0":{"start":{"line":6,"column":0},"end":{"line":11,"column":1}}},"fnMap":{},"branchMap":{},"s":{"0":0},"f":{},"b":{}}
,"/Users/jasminka/GitHubRepo/quiz-app/src/components/Choice/Choice.jsx": {"path":"/Users/jasminka/GitHubRepo/quiz-app/src/components/Choice/Choice.jsx","statementMap":{"0":{"start":{"line":5,"column":4},"end":{"line":5,"column":29}},"1":{"start":{"line":7,"column":2},"end":{"line":12,"column":4}}},"fnMap":{"0":{"name":"Choice","decl":{"start":{"line":3,"column":24},"end":{"line":3,"column":30}},"loc":{"start":{"line":3,"column":61},"end":{"line":13,"column":1}},"line":3},"1":{"name":"answerOn","decl":{"start":{"line":4,"column":11},"end":{"line":4,"column":19}},"loc":{"start":{"line":4,"column":22},"end":{"line":6,"column":3}},"line":4}},"branchMap":{},"s":{"0":0,"1":0},"f":{"0":0,"1":0},"b":{}}
,"/Users/jasminka/GitHubRepo/quiz-app/src/components/EndScreen/EndScreen.jsx": {"path":"/Users/jasminka/GitHubRepo/quiz-app/src/components/EndScreen/EndScreen.jsx","statementMap":{"0":{"start":{"line":6,"column":2},"end":{"line":24,"column":4}},"1":{"start":{"line":17,"column":41},"end":{"line":17,"column":52}}},"fnMap":{"0":{"name":"EndScreen","decl":{"start":{"line":5,"column":24},"end":{"line":5,"column":33}},"loc":{"start":{"line":5,"column":59},"end":{"line":25,"column":1}},"line":5},"1":{"name":"(anonymous_1)","decl":{"start":{"line":17,"column":34},"end":{"line":17,"column":35}},"loc":{"start":{"line":17,"column":41},"end":{"line":17,"column":52}},"line":17}},"branchMap":{"0":{"loc":{"start":{"line":5,"column":46},"end":{"line":5,"column":56}},"type":"default-arg","locations":[{"start":{"line":5,"column":54},"end":{"line":5,"column":56}}],"line":5}},"s":{"0":0,"1":0},"f":{"0":0,"1":0},"b":{"0":[0]}}
,"/Users/jasminka/GitHubRepo/quiz-app/src/components/Modal/Modal.jsx": {"path":"/Users/jasminka/GitHubRepo/quiz-app/src/components/Modal/Modal.jsx","statementMap":{"0":{"start":{"line":8,"column":4},"end":{"line":10,"column":5}},"1":{"start":{"line":9,"column":6},"end":{"line":9,"column":16}},"2":{"start":{"line":13,"column":2},"end":{"line":13,"column":18}},"3":{"start":{"line":14,"column":2},"end":{"line":22,"column":4}}},"fnMap":{"0":{"name":"Modal","decl":{"start":{"line":6,"column":24},"end":{"line":6,"column":29}},"loc":{"start":{"line":6,"column":51},"end":{"line":23,"column":1}},"line":6},"1":{"name":"handleClick","decl":{"start":{"line":7,"column":11},"end":{"line":7,"column":22}},"loc":{"start":{"line":7,"column":26},"end":{"line":11,"column":3}},"line":7}},"branchMap":{"0":{"loc":{"start":{"line":8,"column":4},"end":{"line":10,"column":5}},"type":"if","locations":[{"start":{"line":8,"column":4},"end":{"line":10,"column":5}},{"start":{"line":8,"column":4},"end":{"line":10,"column":5}}],"line":8}},"s":{"0":0,"1":0,"2":0,"3":0},"f":{"0":0,"1":0},"b":{"0":[0,0]}}
,"/Users/jasminka/GitHubRepo/quiz-app/src/components/PlayingScreen/PlayingScreen.jsx": {"path":"/Users/jasminka/GitHubRepo/quiz-app/src/components/PlayingScreen/PlayingScreen.jsx","statementMap":{"0":{"start":{"line":6,"column":2},"end":{"line":17,"column":3}},"1":{"start":{"line":10,"column":78},"end":{"line":10,"column":99}}},"fnMap":{"0":{"name":"PlayingScreen","decl":{"start":{"line":5,"column":24},"end":{"line":5,"column":37}},"loc":{"start":{"line":5,"column":101},"end":{"line":18,"column":1}},"line":5},"1":{"name":"(anonymous_1)","decl":{"start":{"line":10,"column":73},"end":{"line":10,"column":74}},"loc":{"start":{"line":10,"column":78},"end":{"line":10,"column":99}},"line":10}},"branchMap":{},"s":{"0":0,"1":0},"f":{"0":0,"1":0},"b":{}}
,"/Users/jasminka/GitHubRepo/quiz-app/src/components/Portal/Portal.jsx": {"path":"/Users/jasminka/GitHubRepo/quiz-app/src/components/Portal/Portal.jsx","statementMap":{"0":{"start":{"line":7,"column":20},"end":{"line":7,"column":57}},"1":{"start":{"line":8,"column":2},"end":{"line":14,"column":24}},"2":{"start":{"line":9,"column":23},"end":{"line":9,"column":61}},"3":{"start":{"line":10,"column":4},"end":{"line":10,"column":45}},"4":{"start":{"line":11,"column":4},"end":{"line":13,"column":5}},"5":{"start":{"line":12,"column":6},"end":{"line":12,"column":48}},"6":{"start":{"line":15,"column":2},"end":{"line":18,"column":3}}},"fnMap":{"0":{"name":"Portal","decl":{"start":{"line":6,"column":24},"end":{"line":6,"column":30}},"loc":{"start":{"line":6,"column":43},"end":{"line":19,"column":1}},"line":6},"1":{"name":"(anonymous_1)","decl":{"start":{"line":8,"column":12},"end":{"line":8,"column":13}},"loc":{"start":{"line":8,"column":18},"end":{"line":14,"column":3}},"line":8},"2":{"name":"(anonymous_2)","decl":{"start":{"line":11,"column":11},"end":{"line":11,"column":12}},"loc":{"start":{"line":11,"column":17},"end":{"line":13,"column":5}},"line":11}},"branchMap":{},"s":{"0":0,"1":0,"2":0,"3":0,"4":0,"5":0,"6":0},"f":{"0":0,"1":0,"2":0},"b":{}}
,"/Users/jasminka/GitHubRepo/quiz-app/src/components/QuestionMultiple/QuestionMultiple.jsx": {"path":"/Users/jasminka/GitHubRepo/quiz-app/src/components/QuestionMultiple/QuestionMultiple.jsx","statementMap":{"0":{"start":{"line":6,"column":18},"end":{"line":6,"column":38}},"1":{"start":{"line":10,"column":2},"end":{"line":21,"column":4}},"2":{"start":{"line":16,"column":12},"end":{"line":16,"column":117}},"3":{"start":{"line":25,"column":12},"end":{"line":25,"column":25}},"4":{"start":{"line":26,"column":2},"end":{"line":29,"column":3}},"5":{"start":{"line":26,"column":15},"end":{"line":26,"column":31}},"6":{"start":{"line":27,"column":12},"end":{"line":27,"column":47}},"7":{"start":{"line":28,"column":4},"end":{"line":28,"column":40}},"8":{"start":{"line":30,"column":2},"end":{"line":30,"column":13}}},"fnMap":{"0":{"name":"QuestionMultiple","decl":{"start":{"line":9,"column":24},"end":{"line":9,"column":40}},"loc":{"start":{"line":9,"column":117},"end":{"line":22,"column":1}},"line":9},"1":{"name":"(anonymous_1)","decl":{"start":{"line":15,"column":61},"end":{"line":15,"column":62}},"loc":{"start":{"line":15,"column":78},"end":{"line":17,"column":11}},"line":15},"2":{"name":"shuffle","decl":{"start":{"line":24,"column":9},"end":{"line":24,"column":16}},"loc":{"start":{"line":24,"column":24},"end":{"line":31,"column":1}},"line":24}},"branchMap":{"0":{"loc":{"start":{"line":9,"column":42},"end":{"line":9,"column":55}},"type":"default-arg","locations":[{"start":{"line":9,"column":53},"end":{"line":9,"column":55}}],"line":9},"1":{"loc":{"start":{"line":9,"column":57},"end":{"line":9,"column":75}},"type":"default-arg","locations":[{"start":{"line":9,"column":73},"end":{"line":9,"column":75}}],"line":9},"2":{"loc":{"start":{"line":9,"column":77},"end":{"line":9,"column":98}},"type":"default-arg","locations":[{"start":{"line":9,"column":96},"end":{"line":9,"column":98}}],"line":9}},"s":{"0":0,"1":0,"2":0,"3":0,"4":0,"5":0,"6":0,"7":0,"8":0},"f":{"0":0,"1":0,"2":0},"b":{"0":[0],"1":[0],"2":[0]}}
,"/Users/jasminka/GitHubRepo/quiz-app/src/components/QuestionText/QuestionText.jsx": {"path":"/Users/jasminka/GitHubRepo/quiz-app/src/components/QuestionText/QuestionText.jsx","statementMap":{"0":{"start":{"line":4,"column":2},"end":{"line":8,"column":4}}},"fnMap":{"0":{"name":"QuestionText","decl":{"start":{"line":3,"column":24},"end":{"line":3,"column":36}},"loc":{"start":{"line":3,"column":49},"end":{"line":9,"column":1}},"line":3}},"branchMap":{},"s":{"0":0},"f":{"0":0},"b":{}}
,"/Users/jasminka/GitHubRepo/quiz-app/src/components/QuestionTrueFalse/QuestionTrueFalse.jsx": {"path":"/Users/jasminka/GitHubRepo/quiz-app/src/components/QuestionTrueFalse/QuestionTrueFalse.jsx","statementMap":{},"fnMap":{},"branchMap":{},"s":{},"f":{},"b":{}}
,"/Users/jasminka/GitHubRepo/quiz-app/src/components/QuizResult/QuizResult.jsx": {"path":"/Users/jasminka/GitHubRepo/quiz-app/src/components/QuizResult/QuizResult.jsx","statementMap":{},"fnMap":{},"branchMap":{},"s":{},"f":{},"b":{}}
,"/Users/jasminka/GitHubRepo/quiz-app/src/components/Settings/Settings.jsx": {"path":"/Users/jasminka/GitHubRepo/quiz-app/src/components/Settings/Settings.jsx","statementMap":{"0":{"start":{"line":5,"column":22},"end":{"line":5,"column":60}},"1":{"start":{"line":6,"column":17},"end":{"line":6,"column":75}},"2":{"start":{"line":7,"column":27},"end":{"line":7,"column":35}},"3":{"start":{"line":8,"column":24},"end":{"line":8,"column":40}},"4":{"start":{"line":9,"column":26},"end":{"line":9,"column":44}},"5":{"start":{"line":10,"column":26},"end":{"line":10,"column":52}},"6":{"start":{"line":14,"column":42},"end":{"line":14,"column":54}},"7":{"start":{"line":16,"column":2},"end":{"line":29,"column":8}},"8":{"start":{"line":17,"column":4},"end":{"line":28,"column":25}},"9":{"start":{"line":19,"column":8},"end":{"line":23,"column":9}},"10":{"start":{"line":20,"column":10},"end":{"line":20,"column":28}},"11":{"start":{"line":22,"column":10},"end":{"line":22,"column":38}},"12":{"start":{"line":26,"column":8},"end":{"line":26,"column":48}},"13":{"start":{"line":32,"column":4},"end":{"line":32,"column":23}},"14":{"start":{"line":33,"column":21},"end":{"line":33,"column":38}},"15":{"start":{"line":34,"column":19},"end":{"line":34,"column":53}},"16":{"start":{"line":35,"column":21},"end":{"line":35,"column":52}},"17":{"start":{"line":36,"column":23},"end":{"line":36,"column":56}},"18":{"start":{"line":37,"column":16},"end":{"line":37,"column":18}},"19":{"start":{"line":38,"column":4},"end":{"line":42,"column":5}},"20":{"start":{"line":39,"column":6},"end":{"line":39,"column":59}},"21":{"start":{"line":40,"column":10},"end":{"line":42,"column":5}},"22":{"start":{"line":41,"column":6},"end":{"line":41,"column":63}},"23":{"start":{"line":43,"column":4},"end":{"line":43,"column":33}},"24":{"start":{"line":44,"column":17},"end":{"line":44,"column":25}},"25":{"start":{"line":45,"column":4},"end":{"line":48,"column":6}},"26":{"start":{"line":46,"column":6},"end":{"line":46,"column":20}},"27":{"start":{"line":47,"column":6},"end":{"line":47,"column":18}},"28":{"start":{"line":49,"column":4},"end":{"line":49,"column":19}},"29":{"start":{"line":50,"column":4},"end":{"line":50,"column":14}},"30":{"start":{"line":53,"column":2},"end":{"line":78,"column":4}},"31":{"start":{"line":65,"column":12},"end":{"line":65,"column":74}},"32":{"start":{"line":73,"column":38},"end":{"line":73,"column":78}}},"fnMap":{"0":{"name":"Settings","decl":{"start":{"line":13,"column":24},"end":{"line":13,"column":32}},"loc":{"start":{"line":13,"column":52},"end":{"line":79,"column":1}},"line":13},"1":{"name":"(anonymous_1)","decl":{"start":{"line":16,"column":12},"end":{"line":16,"column":13}},"loc":{"start":{"line":16,"column":18},"end":{"line":29,"column":3}},"line":16},"2":{"name":"(anonymous_2)","decl":{"start":{"line":18,"column":12},"end":{"line":18,"column":13}},"loc":{"start":{"line":18,"column":19},"end":{"line":24,"column":7}},"line":18},"3":{"name":"(anonymous_3)","decl":{"start":{"line":25,"column":12},"end":{"line":25,"column":13}},"loc":{"start":{"line":25,"column":20},"end":{"line":27,"column":7}},"line":25},"4":{"name":"handleSubmit","decl":{"start":{"line":31,"column":11},"end":{"line":31,"column":23}},"loc":{"start":{"line":31,"column":27},"end":{"line":51,"column":3}},"line":31},"5":{"name":"(anonymous_5)","decl":{"start":{"line":45,"column":16},"end":{"line":45,"column":17}},"loc":{"start":{"line":45,"column":21},"end":{"line":48,"column":5}},"line":45},"6":{"name":"(anonymous_6)","decl":{"start":{"line":64,"column":55},"end":{"line":64,"column":56}},"loc":{"start":{"line":64,"column":62},"end":{"line":66,"column":11}},"line":64},"7":{"name":"(anonymous_7)","decl":{"start":{"line":73,"column":26},"end":{"line":73,"column":27}},"loc":{"start":{"line":73,"column":38},"end":{"line":73,"column":78}},"line":73}},"branchMap":{"0":{"loc":{"start":{"line":19,"column":8},"end":{"line":23,"column":9}},"type":"if","locations":[{"start":{"line":19,"column":8},"end":{"line":23,"column":9}},{"start":{"line":19,"column":8},"end":{"line":23,"column":9}}],"line":19},"1":{"loc":{"start":{"line":38,"column":4},"end":{"line":42,"column":5}},"type":"if","locations":[{"start":{"line":38,"column":4},"end":{"line":42,"column":5}},{"start":{"line":38,"column":4},"end":{"line":42,"column":5}}],"line":38},"2":{"loc":{"start":{"line":40,"column":10},"end":{"line":42,"column":5}},"type":"if","locations":[{"start":{"line":40,"column":10},"end":{"line":42,"column":5}},{"start":{"line":40,"column":10},"end":{"line":42,"column":5}}],"line":40},"3":{"loc":{"start":{"line":64,"column":11},"end":{"line":66,"column":12}},"type":"binary-expr","locations":[{"start":{"line":64,"column":11},"end":{"line":64,"column":34}},{"start":{"line":64,"column":38},"end":{"line":66,"column":12}}],"line":64}},"s":{"0":1,"1":1,"2":1,"3":1,"4":1,"5":1,"6":8,"7":8,"8":4,"9":4,"10":4,"11":0,"12":4,"13":1,"14":1,"15":1,"16":1,"17":1,"18":1,"19":1,"20":0,"21":1,"22":0,"23":1,"24":1,"25":1,"26":1,"27":1,"28":1,"29":1,"30":8,"31":16,"32":24},"f":{"0":8,"1":4,"2":4,"3":4,"4":1,"5":1,"6":16,"7":24},"b":{"0":[4,0],"1":[0,1],"2":[0,1],"3":[8,4]},"_coverageSchema":"1a1c01bbd47fc00a2c39e90264f33305004495a9","hash":"3172c62ae4a05b390761a61c54ee3a13cd9ff10f"}
,"/Users/jasminka/GitHubRepo/quiz-app/src/components/StartSceen/StartScreen.jsx": {"path":"/Users/jasminka/GitHubRepo/quiz-app/src/components/StartSceen/StartScreen.jsx","statementMap":{"0":{"start":{"line":7,"column":46},"end":{"line":7,"column":61}},"1":{"start":{"line":10,"column":4},"end":{"line":10,"column":39}},"2":{"start":{"line":10,"column":31},"end":{"line":10,"column":37}},"3":{"start":{"line":14,"column":4},"end":{"line":14,"column":38}},"4":{"start":{"line":14,"column":31},"end":{"line":14,"column":37}},"5":{"start":{"line":17,"column":2},"end":{"line":36,"column":4}}},"fnMap":{"0":{"name":"StartScreen","decl":{"start":{"line":6,"column":24},"end":{"line":6,"column":35}},"loc":{"start":{"line":6,"column":68},"end":{"line":37,"column":1}},"line":6},"1":{"name":"toggleSettings","decl":{"start":{"line":9,"column":11},"end":{"line":9,"column":25}},"loc":{"start":{"line":9,"column":28},"end":{"line":11,"column":3}},"line":9},"2":{"name":"(anonymous_2)","decl":{"start":{"line":10,"column":22},"end":{"line":10,"column":23}},"loc":{"start":{"line":10,"column":31},"end":{"line":10,"column":37}},"line":10},"3":{"name":"closeModal","decl":{"start":{"line":13,"column":11},"end":{"line":13,"column":21}},"loc":{"start":{"line":13,"column":24},"end":{"line":15,"column":3}},"line":13},"4":{"name":"(anonymous_4)","decl":{"start":{"line":14,"column":22},"end":{"line":14,"column":23}},"loc":{"start":{"line":14,"column":31},"end":{"line":14,"column":37}},"line":14}},"branchMap":{"0":{"loc":{"start":{"line":34,"column":7},"end":{"line":34,"column":109}},"type":"binary-expr","locations":[{"start":{"line":34,"column":7},"end":{"line":34,"column":21}},{"start":{"line":34,"column":25},"end":{"line":34,"column":109}}],"line":34}},"s":{"0":0,"1":0,"2":0,"3":0,"4":0,"5":0},"f":{"0":0,"1":0,"2":0,"3":0,"4":0},"b":{"0":[0,0]}}
,"/Users/jasminka/GitHubRepo/quiz-app/src/hooks/useScrollLock.jsx": {"path":"/Users/jasminka/GitHubRepo/quiz-app/src/hooks/useScrollLock.jsx","statementMap":{"0":{"start":{"line":4,"column":2},"end":{"line":15,"column":8}},"1":{"start":{"line":5,"column":21},"end":{"line":5,"column":49}},"2":{"start":{"line":6,"column":16},"end":{"line":6,"column":39}},"3":{"start":{"line":7,"column":20},"end":{"line":7,"column":34}},"4":{"start":{"line":8,"column":4},"end":{"line":8,"column":43}},"5":{"start":{"line":9,"column":4},"end":{"line":9,"column":46}},"6":{"start":{"line":10,"column":4},"end":{"line":14,"column":5}},"7":{"start":{"line":11,"column":6},"end":{"line":11,"column":46}},"8":{"start":{"line":12,"column":6},"end":{"line":12,"column":36}},"9":{"start":{"line":13,"column":6},"end":{"line":13,"column":33}}},"fnMap":{"0":{"name":"useScrollLock","decl":{"start":{"line":3,"column":24},"end":{"line":3,"column":37}},"loc":{"start":{"line":3,"column":40},"end":{"line":16,"column":1}},"line":3},"1":{"name":"(anonymous_1)","decl":{"start":{"line":4,"column":18},"end":{"line":4,"column":19}},"loc":{"start":{"line":4,"column":29},"end":{"line":15,"column":3}},"line":4},"2":{"name":"(anonymous_2)","decl":{"start":{"line":10,"column":11},"end":{"line":10,"column":12}},"loc":{"start":{"line":10,"column":22},"end":{"line":14,"column":5}},"line":10}},"branchMap":{},"s":{"0":0,"1":0,"2":0,"3":0,"4":0,"5":0,"6":0,"7":0,"8":0,"9":0},"f":{"0":0,"1":0,"2":0},"b":{}}
}
