{"C:\\Users\\andel\\Desktop\\GitHubRepos\\quize\\src\\App.jsx": {"path":"C:\\Users\\andel\\Desktop\\GitHubRepos\\quize\\src\\App.jsx","statementMap":{"0":{"start":{"line":12,"column":21},"end":{"line":12,"column":50}},"1":{"start":{"line":13,"column":19},"end":{"line":13,"column":32}},"2":{"start":{"line":17,"column":2},"end":{"line":25,"column":3}},"3":{"start":{"line":18,"column":4},"end":{"line":18,"column":66}},"4":{"start":{"line":18,"column":42},"end":{"line":18,"column":62}},"5":{"start":{"line":19,"column":9},"end":{"line":25,"column":3}},"6":{"start":{"line":20,"column":4},"end":{"line":20,"column":94}},"7":{"start":{"line":20,"column":56},"end":{"line":20,"column":91}},"8":{"start":{"line":21,"column":9},"end":{"line":25,"column":3}},"9":{"start":{"line":22,"column":4},"end":{"line":22,"column":71}},"10":{"start":{"line":22,"column":39},"end":{"line":22,"column":68}},"11":{"start":{"line":24,"column":4},"end":{"line":24,"column":51}}},"fnMap":{"0":{"name":"App","decl":{"start":{"line":11,"column":9},"end":{"line":11,"column":12}},"loc":{"start":{"line":11,"column":15},"end":{"line":26,"column":1}},"line":11},"1":{"name":"(anonymous_1)","decl":{"start":{"line":18,"column":36},"end":{"line":18,"column":37}},"loc":{"start":{"line":18,"column":42},"end":{"line":18,"column":62}},"line":18},"2":{"name":"(anonymous_2)","decl":{"start":{"line":20,"column":44},"end":{"line":20,"column":45}},"loc":{"start":{"line":20,"column":56},"end":{"line":20,"column":91}},"line":20},"3":{"name":"(anonymous_3)","decl":{"start":{"line":22,"column":33},"end":{"line":22,"column":34}},"loc":{"start":{"line":22,"column":39},"end":{"line":22,"column":68}},"line":22}},"branchMap":{"0":{"loc":{"start":{"line":17,"column":2},"end":{"line":25,"column":3}},"type":"if","locations":[{"start":{"line":17,"column":2},"end":{"line":25,"column":3}},{"start":{"line":17,"column":2},"end":{"line":25,"column":3}}],"line":17},"1":{"loc":{"start":{"line":19,"column":9},"end":{"line":25,"column":3}},"type":"if","locations":[{"start":{"line":19,"column":9},"end":{"line":25,"column":3}},{"start":{"line":19,"column":9},"end":{"line":25,"column":3}}],"line":19},"2":{"loc":{"start":{"line":21,"column":9},"end":{"line":25,"column":3}},"type":"if","locations":[{"start":{"line":21,"column":9},"end":{"line":25,"column":3}},{"start":{"line":21,"column":9},"end":{"line":25,"column":3}}],"line":21}},"s":{"0":0,"1":0,"2":0,"3":0,"4":0,"5":0,"6":0,"7":0,"8":0,"9":0,"10":0,"11":0},"f":{"0":0,"1":0,"2":0,"3":0},"b":{"0":[0,0],"1":[0,0],"2":[0,0]}}
,"C:\\Users\\andel\\Desktop\\GitHubRepos\\quize\\src\\index.jsx": {"path":"C:\\Users\\andel\\Desktop\\GitHubRepos\\quize\\src\\index.jsx","statementMap":{"0":{"start":{"line":8,"column":0},"end":{"line":15,"column":1}}},"fnMap":{},"branchMap":{},"s":{"0":0},"f":{},"b":{}}
,"C:\\Users\\andel\\Desktop\\GitHubRepos\\quize\\src\\components\\Choice\\Choice.jsx": {"path":"C:\\Users\\andel\\Desktop\\GitHubRepos\\quize\\src\\components\\Choice\\Choice.jsx","statementMap":{"0":{"start":{"line":5,"column":4},"end":{"line":5,"column":29}},"1":{"start":{"line":7,"column":2},"end":{"line":12,"column":4}}},"fnMap":{"0":{"name":"Choice","decl":{"start":{"line":3,"column":24},"end":{"line":3,"column":30}},"loc":{"start":{"line":3,"column":61},"end":{"line":13,"column":1}},"line":3},"1":{"name":"answerOn","decl":{"start":{"line":4,"column":11},"end":{"line":4,"column":19}},"loc":{"start":{"line":4,"column":22},"end":{"line":6,"column":3}},"line":4}},"branchMap":{},"s":{"0":0,"1":0},"f":{"0":0,"1":0},"b":{}}
,"C:\\Users\\andel\\Desktop\\GitHubRepos\\quize\\src\\components\\EndScreen\\EndScreen.jsx": {"path":"C:\\Users\\andel\\Desktop\\GitHubRepos\\quize\\src\\components\\EndScreen\\EndScreen.jsx","statementMap":{"0":{"start":{"line":10,"column":16},"end":{"line":10,"column":44}},"1":{"start":{"line":11,"column":2},"end":{"line":29,"column":4}},"2":{"start":{"line":22,"column":41},"end":{"line":22,"column":52}}},"fnMap":{"0":{"name":"EndScreen","decl":{"start":{"line":9,"column":24},"end":{"line":9,"column":33}},"loc":{"start":{"line":9,"column":47},"end":{"line":30,"column":1}},"line":9},"1":{"name":"(anonymous_1)","decl":{"start":{"line":22,"column":34},"end":{"line":22,"column":35}},"loc":{"start":{"line":22,"column":41},"end":{"line":22,"column":52}},"line":22}},"branchMap":{},"s":{"0":0,"1":0,"2":0},"f":{"0":0,"1":0},"b":{}}
,"C:\\Users\\andel\\Desktop\\GitHubRepos\\quize\\src\\components\\Modal\\Modal.jsx": {"path":"C:\\Users\\andel\\Desktop\\GitHubRepos\\quize\\src\\components\\Modal\\Modal.jsx","statementMap":{"0":{"start":{"line":8,"column":4},"end":{"line":10,"column":5}},"1":{"start":{"line":9,"column":6},"end":{"line":9,"column":16}},"2":{"start":{"line":13,"column":2},"end":{"line":13,"column":18}},"3":{"start":{"line":14,"column":2},"end":{"line":22,"column":4}}},"fnMap":{"0":{"name":"Modal","decl":{"start":{"line":6,"column":24},"end":{"line":6,"column":29}},"loc":{"start":{"line":6,"column":51},"end":{"line":23,"column":1}},"line":6},"1":{"name":"handleClick","decl":{"start":{"line":7,"column":11},"end":{"line":7,"column":22}},"loc":{"start":{"line":7,"column":26},"end":{"line":11,"column":3}},"line":7}},"branchMap":{"0":{"loc":{"start":{"line":8,"column":4},"end":{"line":10,"column":5}},"type":"if","locations":[{"start":{"line":8,"column":4},"end":{"line":10,"column":5}},{"start":{"line":8,"column":4},"end":{"line":10,"column":5}}],"line":8}},"s":{"0":0,"1":0,"2":0,"3":0},"f":{"0":0,"1":0},"b":{"0":[0,0]}}
,"C:\\Users\\andel\\Desktop\\GitHubRepos\\quize\\src\\components\\PlayingScreen\\PlayingScreen.jsx": {"path":"C:\\Users\\andel\\Desktop\\GitHubRepos\\quize\\src\\components\\PlayingScreen\\PlayingScreen.jsx","statementMap":{"0":{"start":{"line":10,"column":21},"end":{"line":10,"column":50}},"1":{"start":{"line":11,"column":20},"end":{"line":11,"column":48}},"2":{"start":{"line":13,"column":26},"end":{"line":13,"column":82}},"3":{"start":{"line":14,"column":4},"end":{"line":14,"column":46}},"4":{"start":{"line":17,"column":2},"end":{"line":28,"column":3}}},"fnMap":{"0":{"name":"PlayingScreen","decl":{"start":{"line":9,"column":24},"end":{"line":9,"column":37}},"loc":{"start":{"line":9,"column":58},"end":{"line":29,"column":1}},"line":9},"1":{"name":"answerQuestion","decl":{"start":{"line":12,"column":11},"end":{"line":12,"column":25}},"loc":{"start":{"line":12,"column":34},"end":{"line":15,"column":3}},"line":12}},"branchMap":{},"s":{"0":0,"1":0,"2":0,"3":0,"4":0},"f":{"0":0,"1":0},"b":{}}
,"C:\\Users\\andel\\Desktop\\GitHubRepos\\quize\\src\\components\\Portal\\Portal.jsx": {"path":"C:\\Users\\andel\\Desktop\\GitHubRepos\\quize\\src\\components\\Portal\\Portal.jsx","statementMap":{"0":{"start":{"line":7,"column":20},"end":{"line":7,"column":57}},"1":{"start":{"line":8,"column":2},"end":{"line":14,"column":24}},"2":{"start":{"line":9,"column":23},"end":{"line":9,"column":61}},"3":{"start":{"line":10,"column":4},"end":{"line":10,"column":45}},"4":{"start":{"line":11,"column":4},"end":{"line":13,"column":5}},"5":{"start":{"line":12,"column":6},"end":{"line":12,"column":48}},"6":{"start":{"line":15,"column":2},"end":{"line":18,"column":3}}},"fnMap":{"0":{"name":"Portal","decl":{"start":{"line":6,"column":24},"end":{"line":6,"column":30}},"loc":{"start":{"line":6,"column":43},"end":{"line":19,"column":1}},"line":6},"1":{"name":"(anonymous_1)","decl":{"start":{"line":8,"column":12},"end":{"line":8,"column":13}},"loc":{"start":{"line":8,"column":18},"end":{"line":14,"column":3}},"line":8},"2":{"name":"(anonymous_2)","decl":{"start":{"line":11,"column":11},"end":{"line":11,"column":12}},"loc":{"start":{"line":11,"column":17},"end":{"line":13,"column":5}},"line":11}},"branchMap":{},"s":{"0":0,"1":0,"2":0,"3":0,"4":0,"5":0,"6":0},"f":{"0":0,"1":0,"2":0},"b":{}}
,"C:\\Users\\andel\\Desktop\\GitHubRepos\\quize\\src\\components\\QuestionMultiple\\QuestionMultiple.jsx": {"path":"C:\\Users\\andel\\Desktop\\GitHubRepos\\quize\\src\\components\\QuestionMultiple\\QuestionMultiple.jsx","statementMap":{"0":{"start":{"line":6,"column":18},"end":{"line":6,"column":38}},"1":{"start":{"line":10,"column":2},"end":{"line":21,"column":4}},"2":{"start":{"line":16,"column":12},"end":{"line":16,"column":117}},"3":{"start":{"line":25,"column":12},"end":{"line":25,"column":25}},"4":{"start":{"line":26,"column":2},"end":{"line":29,"column":3}},"5":{"start":{"line":26,"column":15},"end":{"line":26,"column":31}},"6":{"start":{"line":27,"column":12},"end":{"line":27,"column":47}},"7":{"start":{"line":28,"column":4},"end":{"line":28,"column":40}},"8":{"start":{"line":30,"column":2},"end":{"line":30,"column":13}}},"fnMap":{"0":{"name":"QuestionMultiple","decl":{"start":{"line":9,"column":24},"end":{"line":9,"column":40}},"loc":{"start":{"line":9,"column":117},"end":{"line":22,"column":1}},"line":9},"1":{"name":"(anonymous_1)","decl":{"start":{"line":15,"column":61},"end":{"line":15,"column":62}},"loc":{"start":{"line":15,"column":78},"end":{"line":17,"column":11}},"line":15},"2":{"name":"shuffle","decl":{"start":{"line":24,"column":9},"end":{"line":24,"column":16}},"loc":{"start":{"line":24,"column":24},"end":{"line":31,"column":1}},"line":24}},"branchMap":{"0":{"loc":{"start":{"line":9,"column":42},"end":{"line":9,"column":55}},"type":"default-arg","locations":[{"start":{"line":9,"column":53},"end":{"line":9,"column":55}}],"line":9},"1":{"loc":{"start":{"line":9,"column":57},"end":{"line":9,"column":75}},"type":"default-arg","locations":[{"start":{"line":9,"column":73},"end":{"line":9,"column":75}}],"line":9},"2":{"loc":{"start":{"line":9,"column":77},"end":{"line":9,"column":98}},"type":"default-arg","locations":[{"start":{"line":9,"column":96},"end":{"line":9,"column":98}}],"line":9}},"s":{"0":0,"1":0,"2":0,"3":0,"4":0,"5":0,"6":0,"7":0,"8":0},"f":{"0":0,"1":0,"2":0},"b":{"0":[0],"1":[0],"2":[0]}}
,"C:\\Users\\andel\\Desktop\\GitHubRepos\\quize\\src\\components\\QuestionText\\QuestionText.jsx": {"path":"C:\\Users\\andel\\Desktop\\GitHubRepos\\quize\\src\\components\\QuestionText\\QuestionText.jsx","statementMap":{"0":{"start":{"line":4,"column":2},"end":{"line":8,"column":4}}},"fnMap":{"0":{"name":"QuestionText","decl":{"start":{"line":3,"column":24},"end":{"line":3,"column":36}},"loc":{"start":{"line":3,"column":49},"end":{"line":9,"column":1}},"line":3}},"branchMap":{},"s":{"0":0},"f":{"0":0},"b":{}}
,"C:\\Users\\andel\\Desktop\\GitHubRepos\\quize\\src\\components\\Settings\\Settings.jsx": {"path":"C:\\Users\\andel\\Desktop\\GitHubRepos\\quize\\src\\components\\Settings\\Settings.jsx","statementMap":{"0":{"start":{"line":10,"column":27},"end":{"line":10,"column":35}},"1":{"start":{"line":11,"column":24},"end":{"line":11,"column":40}},"2":{"start":{"line":12,"column":26},"end":{"line":12,"column":44}},"3":{"start":{"line":13,"column":26},"end":{"line":13,"column":52}},"4":{"start":{"line":17,"column":23},"end":{"line":17,"column":52}},"5":{"start":{"line":18,"column":20},"end":{"line":18,"column":67}},"6":{"start":{"line":19,"column":19},"end":{"line":19,"column":32}},"7":{"start":{"line":23,"column":4},"end":{"line":23,"column":23}},"8":{"start":{"line":24,"column":21},"end":{"line":24,"column":38}},"9":{"start":{"line":25,"column":19},"end":{"line":25,"column":53}},"10":{"start":{"line":26,"column":21},"end":{"line":26,"column":52}},"11":{"start":{"line":27,"column":23},"end":{"line":27,"column":56}},"12":{"start":{"line":28,"column":16},"end":{"line":28,"column":18}},"13":{"start":{"line":29,"column":4},"end":{"line":31,"column":5}},"14":{"start":{"line":30,"column":6},"end":{"line":30,"column":59}},"15":{"start":{"line":32,"column":4},"end":{"line":34,"column":5}},"16":{"start":{"line":33,"column":6},"end":{"line":33,"column":63}},"17":{"start":{"line":35,"column":4},"end":{"line":35,"column":33}},"18":{"start":{"line":36,"column":4},"end":{"line":36,"column":37}},"19":{"start":{"line":37,"column":4},"end":{"line":37,"column":14}},"20":{"start":{"line":40,"column":2},"end":{"line":65,"column":4}},"21":{"start":{"line":52,"column":12},"end":{"line":52,"column":74}},"22":{"start":{"line":60,"column":38},"end":{"line":60,"column":78}}},"fnMap":{"0":{"name":"Settings","decl":{"start":{"line":16,"column":24},"end":{"line":16,"column":32}},"loc":{"start":{"line":16,"column":44},"end":{"line":66,"column":1}},"line":16},"1":{"name":"handleSubmit","decl":{"start":{"line":22,"column":11},"end":{"line":22,"column":23}},"loc":{"start":{"line":22,"column":27},"end":{"line":38,"column":3}},"line":22},"2":{"name":"(anonymous_2)","decl":{"start":{"line":51,"column":55},"end":{"line":51,"column":56}},"loc":{"start":{"line":51,"column":62},"end":{"line":53,"column":11}},"line":51},"3":{"name":"(anonymous_3)","decl":{"start":{"line":60,"column":26},"end":{"line":60,"column":27}},"loc":{"start":{"line":60,"column":38},"end":{"line":60,"column":78}},"line":60}},"branchMap":{"0":{"loc":{"start":{"line":29,"column":4},"end":{"line":31,"column":5}},"type":"if","locations":[{"start":{"line":29,"column":4},"end":{"line":31,"column":5}},{"start":{"line":29,"column":4},"end":{"line":31,"column":5}}],"line":29},"1":{"loc":{"start":{"line":32,"column":4},"end":{"line":34,"column":5}},"type":"if","locations":[{"start":{"line":32,"column":4},"end":{"line":34,"column":5}},{"start":{"line":32,"column":4},"end":{"line":34,"column":5}}],"line":32},"2":{"loc":{"start":{"line":51,"column":11},"end":{"line":53,"column":12}},"type":"binary-expr","locations":[{"start":{"line":51,"column":11},"end":{"line":51,"column":34}},{"start":{"line":51,"column":38},"end":{"line":53,"column":12}}],"line":51}},"s":{"0":1,"1":1,"2":1,"3":1,"4":12,"5":12,"6":12,"7":2,"8":2,"9":2,"10":2,"11":2,"12":2,"13":2,"14":1,"15":2,"16":1,"17":2,"18":2,"19":2,"20":12,"21":144,"22":36},"f":{"0":12,"1":2,"2":144,"3":36},"b":{"0":[1,1],"1":[1,1],"2":[12,6]},"_coverageSchema":"1a1c01bbd47fc00a2c39e90264f33305004495a9","hash":"162b1abb17ddcebfaaa8d1744d05a39c46c0635a"}
,"C:\\Users\\andel\\Desktop\\GitHubRepos\\quize\\src\\components\\StartScreen\\StartScreen.jsx": {"path":"C:\\Users\\andel\\Desktop\\GitHubRepos\\quize\\src\\components\\StartScreen\\StartScreen.jsx","statementMap":{"0":{"start":{"line":10,"column":46},"end":{"line":10,"column":61}},"1":{"start":{"line":11,"column":20},"end":{"line":11,"column":65}},"2":{"start":{"line":13,"column":4},"end":{"line":13,"column":39}},"3":{"start":{"line":13,"column":31},"end":{"line":13,"column":37}},"4":{"start":{"line":17,"column":4},"end":{"line":17,"column":38}},"5":{"start":{"line":17,"column":31},"end":{"line":17,"column":37}},"6":{"start":{"line":20,"column":2},"end":{"line":43,"column":4}}},"fnMap":{"0":{"name":"StartScreen","decl":{"start":{"line":9,"column":24},"end":{"line":9,"column":35}},"loc":{"start":{"line":9,"column":49},"end":{"line":44,"column":1}},"line":9},"1":{"name":"toggleSettings","decl":{"start":{"line":12,"column":11},"end":{"line":12,"column":25}},"loc":{"start":{"line":12,"column":28},"end":{"line":14,"column":3}},"line":12},"2":{"name":"(anonymous_2)","decl":{"start":{"line":13,"column":22},"end":{"line":13,"column":23}},"loc":{"start":{"line":13,"column":31},"end":{"line":13,"column":37}},"line":13},"3":{"name":"closeModal","decl":{"start":{"line":16,"column":11},"end":{"line":16,"column":21}},"loc":{"start":{"line":16,"column":24},"end":{"line":18,"column":3}},"line":16},"4":{"name":"(anonymous_4)","decl":{"start":{"line":17,"column":22},"end":{"line":17,"column":23}},"loc":{"start":{"line":17,"column":31},"end":{"line":17,"column":37}},"line":17}},"branchMap":{"0":{"loc":{"start":{"line":39,"column":7},"end":{"line":41,"column":14}},"type":"binary-expr","locations":[{"start":{"line":39,"column":7},"end":{"line":39,"column":21}},{"start":{"line":39,"column":25},"end":{"line":41,"column":14}}],"line":39}},"s":{"0":0,"1":0,"2":0,"3":0,"4":0,"5":0,"6":0},"f":{"0":0,"1":0,"2":0,"3":0,"4":0},"b":{"0":[0,0]}}
,"C:\\Users\\andel\\Desktop\\GitHubRepos\\quize\\src\\hooks\\useScrollLock.jsx": {"path":"C:\\Users\\andel\\Desktop\\GitHubRepos\\quize\\src\\hooks\\useScrollLock.jsx","statementMap":{"0":{"start":{"line":4,"column":2},"end":{"line":15,"column":8}},"1":{"start":{"line":5,"column":21},"end":{"line":5,"column":49}},"2":{"start":{"line":6,"column":16},"end":{"line":6,"column":39}},"3":{"start":{"line":7,"column":20},"end":{"line":7,"column":34}},"4":{"start":{"line":8,"column":4},"end":{"line":8,"column":43}},"5":{"start":{"line":9,"column":4},"end":{"line":9,"column":46}},"6":{"start":{"line":10,"column":4},"end":{"line":14,"column":5}},"7":{"start":{"line":11,"column":6},"end":{"line":11,"column":46}},"8":{"start":{"line":12,"column":6},"end":{"line":12,"column":36}},"9":{"start":{"line":13,"column":6},"end":{"line":13,"column":33}}},"fnMap":{"0":{"name":"useScrollLock","decl":{"start":{"line":3,"column":24},"end":{"line":3,"column":37}},"loc":{"start":{"line":3,"column":40},"end":{"line":16,"column":1}},"line":3},"1":{"name":"(anonymous_1)","decl":{"start":{"line":4,"column":18},"end":{"line":4,"column":19}},"loc":{"start":{"line":4,"column":29},"end":{"line":15,"column":3}},"line":4},"2":{"name":"(anonymous_2)","decl":{"start":{"line":10,"column":11},"end":{"line":10,"column":12}},"loc":{"start":{"line":10,"column":22},"end":{"line":14,"column":5}},"line":10}},"branchMap":{},"s":{"0":0,"1":0,"2":0,"3":0,"4":0,"5":0,"6":0,"7":0,"8":0,"9":0},"f":{"0":0,"1":0,"2":0},"b":{}}
,"C:\\Users\\andel\\Desktop\\GitHubRepos\\quize\\src\\store\\loadingEnum.js": {"path":"C:\\Users\\andel\\Desktop\\GitHubRepos\\quize\\src\\store\\loadingEnum.js","statementMap":{"0":{"start":{"line":1,"column":20},"end":{"line":1,"column":26}},"1":{"start":{"line":2,"column":23},"end":{"line":2,"column":32}},"2":{"start":{"line":3,"column":25},"end":{"line":3,"column":36}},"3":{"start":{"line":4,"column":22},"end":{"line":4,"column":30}}},"fnMap":{},"branchMap":{},"s":{"0":1,"1":1,"2":1,"3":1},"f":{},"b":{},"_coverageSchema":"1a1c01bbd47fc00a2c39e90264f33305004495a9","hash":"dafd5dee23e90b9d89c8450d296f27016e65ebc9"}
,"C:\\Users\\andel\\Desktop\\GitHubRepos\\quize\\src\\store\\reducers\\apiSlice.js": {"path":"C:\\Users\\andel\\Desktop\\GitHubRepos\\quize\\src\\store\\reducers\\apiSlice.js","statementMap":{"0":{"start":{"line":1,"column":17},"end":{"line":1,"column":85}},"1":{"start":{"line":2,"column":16},"end":{"line":2,"column":30}},"2":{"start":{"line":3,"column":18},"end":{"line":3,"column":34}},"3":{"start":{"line":4,"column":21},"end":{"line":6,"column":1}},"4":{"start":{"line":8,"column":2},"end":{"line":22,"column":3}},"5":{"start":{"line":10,"column":6},"end":{"line":12,"column":7}},"6":{"start":{"line":15,"column":6},"end":{"line":17,"column":7}},"7":{"start":{"line":20,"column":6},"end":{"line":20,"column":18}},"8":{"start":{"line":25,"column":32},"end":{"line":25,"column":59}},"9":{"start":{"line":25,"column":41},"end":{"line":25,"column":59}},"10":{"start":{"line":27,"column":22},"end":{"line":27,"column":69}},"11":{"start":{"line":27,"column":36},"end":{"line":27,"column":68}},"12":{"start":{"line":28,"column":24},"end":{"line":28,"column":49}},"13":{"start":{"line":28,"column":31},"end":{"line":28,"column":48}}},"fnMap":{"0":{"name":"apiReducer","decl":{"start":{"line":7,"column":24},"end":{"line":7,"column":34}},"loc":{"start":{"line":7,"column":65},"end":{"line":23,"column":1}},"line":7},"1":{"name":"(anonymous_1)","decl":{"start":{"line":25,"column":32},"end":{"line":25,"column":33}},"loc":{"start":{"line":25,"column":41},"end":{"line":25,"column":59}},"line":25},"2":{"name":"(anonymous_2)","decl":{"start":{"line":27,"column":22},"end":{"line":27,"column":23}},"loc":{"start":{"line":27,"column":36},"end":{"line":27,"column":68}},"line":27},"3":{"name":"(anonymous_3)","decl":{"start":{"line":28,"column":24},"end":{"line":28,"column":25}},"loc":{"start":{"line":28,"column":31},"end":{"line":28,"column":48}},"line":28}},"branchMap":{"0":{"loc":{"start":{"line":7,"column":35},"end":{"line":7,"column":55}},"type":"default-arg","locations":[{"start":{"line":7,"column":43},"end":{"line":7,"column":55}}],"line":7},"1":{"loc":{"start":{"line":8,"column":2},"end":{"line":22,"column":3}},"type":"switch","locations":[{"start":{"line":9,"column":4},"end":{"line":13,"column":5}},{"start":{"line":14,"column":4},"end":{"line":18,"column":5}},{"start":{"line":19,"column":4},"end":{"line":21,"column":5}}],"line":8}},"s":{"0":1,"1":1,"2":1,"3":1,"4":48,"5":2,"6":0,"7":46,"8":1,"9":8,"10":1,"11":2,"12":1,"13":0},"f":{"0":48,"1":8,"2":2,"3":0},"b":{"0":[8],"1":[2,0,46]},"_coverageSchema":"1a1c01bbd47fc00a2c39e90264f33305004495a9","hash":"e94d2e72764546abbce5861aa6608540e40e9fb5"}
,"C:\\Users\\andel\\Desktop\\GitHubRepos\\quize\\src\\store\\reducers\\categoriesSlice.js": {"path":"C:\\Users\\andel\\Desktop\\GitHubRepos\\quize\\src\\store\\reducers\\categoriesSlice.js","statementMap":{"0":{"start":{"line":4,"column":21},"end":{"line":7,"column":1}},"1":{"start":{"line":8,"column":23},"end":{"line":8,"column":39}},"2":{"start":{"line":9,"column":27},"end":{"line":9,"column":47}},"3":{"start":{"line":11,"column":2},"end":{"line":28,"column":3}},"4":{"start":{"line":13,"column":6},"end":{"line":17,"column":7}},"5":{"start":{"line":20,"column":6},"end":{"line":23,"column":7}},"6":{"start":{"line":26,"column":6},"end":{"line":26,"column":19}},"7":{"start":{"line":32,"column":32},"end":{"line":32,"column":66}},"8":{"start":{"line":32,"column":41},"end":{"line":32,"column":66}},"9":{"start":{"line":33,"column":38},"end":{"line":33,"column":70}},"10":{"start":{"line":33,"column":47},"end":{"line":33,"column":70}},"11":{"start":{"line":35,"column":29},"end":{"line":35,"column":89}},"12":{"start":{"line":35,"column":46},"end":{"line":35,"column":88}},"13":{"start":{"line":36,"column":33},"end":{"line":36,"column":67}},"14":{"start":{"line":36,"column":40},"end":{"line":36,"column":66}}},"fnMap":{"0":{"name":"categoriesReducer","decl":{"start":{"line":10,"column":16},"end":{"line":10,"column":33}},"loc":{"start":{"line":10,"column":63},"end":{"line":29,"column":1}},"line":10},"1":{"name":"(anonymous_1)","decl":{"start":{"line":32,"column":32},"end":{"line":32,"column":33}},"loc":{"start":{"line":32,"column":41},"end":{"line":32,"column":66}},"line":32},"2":{"name":"(anonymous_2)","decl":{"start":{"line":33,"column":38},"end":{"line":33,"column":39}},"loc":{"start":{"line":33,"column":47},"end":{"line":33,"column":70}},"line":33},"3":{"name":"(anonymous_3)","decl":{"start":{"line":35,"column":29},"end":{"line":35,"column":30}},"loc":{"start":{"line":35,"column":46},"end":{"line":35,"column":88}},"line":35},"4":{"name":"(anonymous_4)","decl":{"start":{"line":36,"column":33},"end":{"line":36,"column":34}},"loc":{"start":{"line":36,"column":40},"end":{"line":36,"column":66}},"line":36}},"branchMap":{"0":{"loc":{"start":{"line":10,"column":34},"end":{"line":10,"column":54}},"type":"default-arg","locations":[{"start":{"line":10,"column":42},"end":{"line":10,"column":54}}],"line":10},"1":{"loc":{"start":{"line":11,"column":2},"end":{"line":28,"column":3}},"type":"switch","locations":[{"start":{"line":12,"column":4},"end":{"line":18,"column":5}},{"start":{"line":19,"column":4},"end":{"line":24,"column":5}},{"start":{"line":25,"column":4},"end":{"line":27,"column":5}}],"line":11}},"s":{"0":1,"1":1,"2":1,"3":48,"4":6,"5":6,"6":36,"7":1,"8":26,"9":1,"10":26,"11":1,"12":6,"13":1,"14":6},"f":{"0":48,"1":26,"2":26,"3":6,"4":6},"b":{"0":[8],"1":[6,6,36]},"_coverageSchema":"1a1c01bbd47fc00a2c39e90264f33305004495a9","hash":"4e3496a058faaa175cb688ae14efe96850bb0bb0"}
,"C:\\Users\\andel\\Desktop\\GitHubRepos\\quize\\src\\store\\reducers\\currentIdxSlice.js": {"path":"C:\\Users\\andel\\Desktop\\GitHubRepos\\quize\\src\\store\\reducers\\currentIdxSlice.js","statementMap":{"0":{"start":{"line":1,"column":21},"end":{"line":3,"column":1}},"1":{"start":{"line":5,"column":2},"end":{"line":17,"column":3}},"2":{"start":{"line":7,"column":6},"end":{"line":9,"column":7}},"3":{"start":{"line":12,"column":6},"end":{"line":12,"column":21}},"4":{"start":{"line":15,"column":6},"end":{"line":15,"column":18}},"5":{"start":{"line":19,"column":32},"end":{"line":19,"column":61}},"6":{"start":{"line":19,"column":41},"end":{"line":19,"column":61}},"7":{"start":{"line":21,"column":28},"end":{"line":21,"column":68}},"8":{"start":{"line":21,"column":35},"end":{"line":21,"column":67}},"9":{"start":{"line":22,"column":24},"end":{"line":22,"column":58}},"10":{"start":{"line":22,"column":31},"end":{"line":22,"column":57}}},"fnMap":{"0":{"name":"currentIdxSlice","decl":{"start":{"line":4,"column":24},"end":{"line":4,"column":39}},"loc":{"start":{"line":4,"column":70},"end":{"line":18,"column":1}},"line":4},"1":{"name":"(anonymous_1)","decl":{"start":{"line":19,"column":32},"end":{"line":19,"column":33}},"loc":{"start":{"line":19,"column":41},"end":{"line":19,"column":61}},"line":19},"2":{"name":"(anonymous_2)","decl":{"start":{"line":21,"column":28},"end":{"line":21,"column":29}},"loc":{"start":{"line":21,"column":35},"end":{"line":21,"column":67}},"line":21},"3":{"name":"(anonymous_3)","decl":{"start":{"line":22,"column":24},"end":{"line":22,"column":25}},"loc":{"start":{"line":22,"column":31},"end":{"line":22,"column":57}},"line":22}},"branchMap":{"0":{"loc":{"start":{"line":4,"column":40},"end":{"line":4,"column":60}},"type":"default-arg","locations":[{"start":{"line":4,"column":48},"end":{"line":4,"column":60}}],"line":4},"1":{"loc":{"start":{"line":5,"column":2},"end":{"line":17,"column":3}},"type":"switch","locations":[{"start":{"line":6,"column":4},"end":{"line":10,"column":5}},{"start":{"line":11,"column":4},"end":{"line":13,"column":5}},{"start":{"line":14,"column":4},"end":{"line":16,"column":5}}],"line":5}},"s":{"0":1,"1":48,"2":0,"3":0,"4":48,"5":1,"6":0,"7":1,"8":0,"9":1,"10":0},"f":{"0":48,"1":0,"2":0,"3":0},"b":{"0":[8],"1":[0,0,48]},"_coverageSchema":"1a1c01bbd47fc00a2c39e90264f33305004495a9","hash":"22d7991ae5aa63251a8413d1b869a4b1f3549e60"}
,"C:\\Users\\andel\\Desktop\\GitHubRepos\\quize\\src\\store\\reducers\\gameSlice.js": {"path":"C:\\Users\\andel\\Desktop\\GitHubRepos\\quize\\src\\store\\reducers\\gameSlice.js","statementMap":{"0":{"start":{"line":1,"column":26},"end":{"line":1,"column":33}},"1":{"start":{"line":2,"column":28},"end":{"line":2,"column":37}},"2":{"start":{"line":3,"column":24},"end":{"line":3,"column":29}},"3":{"start":{"line":5,"column":21},"end":{"line":7,"column":1}},"4":{"start":{"line":10,"column":2},"end":{"line":24,"column":3}},"5":{"start":{"line":12,"column":6},"end":{"line":12,"column":43}},"6":{"start":{"line":15,"column":6},"end":{"line":15,"column":45}},"7":{"start":{"line":18,"column":6},"end":{"line":18,"column":41}},"8":{"start":{"line":21,"column":6},"end":{"line":21,"column":18}},"9":{"start":{"line":27,"column":32},"end":{"line":27,"column":58}},"10":{"start":{"line":27,"column":41},"end":{"line":27,"column":58}},"11":{"start":{"line":28,"column":25},"end":{"line":28,"column":55}},"12":{"start":{"line":28,"column":32},"end":{"line":28,"column":54}},"13":{"start":{"line":29,"column":24},"end":{"line":29,"column":54}},"14":{"start":{"line":29,"column":31},"end":{"line":29,"column":53}},"15":{"start":{"line":30,"column":23},"end":{"line":30,"column":51}},"16":{"start":{"line":30,"column":30},"end":{"line":30,"column":50}}},"fnMap":{"0":{"name":"gameSlice","decl":{"start":{"line":9,"column":24},"end":{"line":9,"column":33}},"loc":{"start":{"line":9,"column":64},"end":{"line":25,"column":1}},"line":9},"1":{"name":"(anonymous_1)","decl":{"start":{"line":27,"column":32},"end":{"line":27,"column":33}},"loc":{"start":{"line":27,"column":41},"end":{"line":27,"column":58}},"line":27},"2":{"name":"(anonymous_2)","decl":{"start":{"line":28,"column":25},"end":{"line":28,"column":26}},"loc":{"start":{"line":28,"column":32},"end":{"line":28,"column":54}},"line":28},"3":{"name":"(anonymous_3)","decl":{"start":{"line":29,"column":24},"end":{"line":29,"column":25}},"loc":{"start":{"line":29,"column":31},"end":{"line":29,"column":53}},"line":29},"4":{"name":"(anonymous_4)","decl":{"start":{"line":30,"column":23},"end":{"line":30,"column":24}},"loc":{"start":{"line":30,"column":30},"end":{"line":30,"column":50}},"line":30}},"branchMap":{"0":{"loc":{"start":{"line":9,"column":34},"end":{"line":9,"column":54}},"type":"default-arg","locations":[{"start":{"line":9,"column":42},"end":{"line":9,"column":54}}],"line":9},"1":{"loc":{"start":{"line":10,"column":2},"end":{"line":24,"column":3}},"type":"switch","locations":[{"start":{"line":11,"column":4},"end":{"line":13,"column":5}},{"start":{"line":14,"column":4},"end":{"line":16,"column":5}},{"start":{"line":17,"column":4},"end":{"line":19,"column":5}},{"start":{"line":20,"column":4},"end":{"line":22,"column":5}}],"line":10}},"s":{"0":1,"1":1,"2":1,"3":1,"4":48,"5":0,"6":0,"7":0,"8":48,"9":1,"10":0,"11":1,"12":0,"13":1,"14":0,"15":1,"16":0},"f":{"0":48,"1":0,"2":0,"3":0,"4":0},"b":{"0":[8],"1":[0,0,0,48]},"_coverageSchema":"1a1c01bbd47fc00a2c39e90264f33305004495a9","hash":"c799e4045f92509bb536883b68ad75420348ecad"}
,"C:\\Users\\andel\\Desktop\\GitHubRepos\\quize\\src\\store\\reducers\\questionsSlice.js": {"path":"C:\\Users\\andel\\Desktop\\GitHubRepos\\quize\\src\\store\\reducers\\questionsSlice.js","statementMap":{"0":{"start":{"line":3,"column":21},"end":{"line":7,"column":1}},"1":{"start":{"line":8,"column":22},"end":{"line":8,"column":38}},"2":{"start":{"line":9,"column":25},"end":{"line":9,"column":43}},"3":{"start":{"line":12,"column":2},"end":{"line":29,"column":3}},"4":{"start":{"line":14,"column":6},"end":{"line":18,"column":7}},"5":{"start":{"line":21,"column":6},"end":{"line":24,"column":7}},"6":{"start":{"line":27,"column":6},"end":{"line":27,"column":18}},"7":{"start":{"line":32,"column":31},"end":{"line":32,"column":64}},"8":{"start":{"line":32,"column":40},"end":{"line":32,"column":64}},"9":{"start":{"line":33,"column":36},"end":{"line":33,"column":67}},"10":{"start":{"line":33,"column":45},"end":{"line":33,"column":67}},"11":{"start":{"line":35,"column":28},"end":{"line":35,"column":82}},"12":{"start":{"line":35,"column":42},"end":{"line":35,"column":81}},"13":{"start":{"line":36,"column":32},"end":{"line":36,"column":64}},"14":{"start":{"line":36,"column":39},"end":{"line":36,"column":63}}},"fnMap":{"0":{"name":"questionReducer","decl":{"start":{"line":10,"column":24},"end":{"line":10,"column":39}},"loc":{"start":{"line":10,"column":70},"end":{"line":30,"column":1}},"line":10},"1":{"name":"(anonymous_1)","decl":{"start":{"line":32,"column":31},"end":{"line":32,"column":32}},"loc":{"start":{"line":32,"column":40},"end":{"line":32,"column":64}},"line":32},"2":{"name":"(anonymous_2)","decl":{"start":{"line":33,"column":36},"end":{"line":33,"column":37}},"loc":{"start":{"line":33,"column":45},"end":{"line":33,"column":67}},"line":33},"3":{"name":"(anonymous_3)","decl":{"start":{"line":35,"column":28},"end":{"line":35,"column":29}},"loc":{"start":{"line":35,"column":42},"end":{"line":35,"column":81}},"line":35},"4":{"name":"(anonymous_4)","decl":{"start":{"line":36,"column":32},"end":{"line":36,"column":33}},"loc":{"start":{"line":36,"column":39},"end":{"line":36,"column":63}},"line":36}},"branchMap":{"0":{"loc":{"start":{"line":10,"column":40},"end":{"line":10,"column":60}},"type":"default-arg","locations":[{"start":{"line":10,"column":48},"end":{"line":10,"column":60}}],"line":10},"1":{"loc":{"start":{"line":12,"column":2},"end":{"line":29,"column":3}},"type":"switch","locations":[{"start":{"line":13,"column":4},"end":{"line":19,"column":5}},{"start":{"line":20,"column":4},"end":{"line":25,"column":5}},{"start":{"line":26,"column":4},"end":{"line":28,"column":5}}],"line":12}},"s":{"0":1,"1":1,"2":1,"3":48,"4":8,"5":8,"6":32,"7":1,"8":0,"9":1,"10":0,"11":1,"12":8,"13":1,"14":8},"f":{"0":48,"1":0,"2":0,"3":8,"4":8},"b":{"0":[8],"1":[8,8,32]},"_coverageSchema":"1a1c01bbd47fc00a2c39e90264f33305004495a9","hash":"99131b9d2ed51c190c11674c85b9ec59cd8628a5"}
,"C:\\Users\\andel\\Desktop\\GitHubRepos\\quize\\src\\store\\reducers\\reducer.js": {"path":"C:\\Users\\andel\\Desktop\\GitHubRepos\\quize\\src\\store\\reducers\\reducer.js","statementMap":{"0":{"start":{"line":8,"column":20},"end":{"line":15,"column":2}}},"fnMap":{},"branchMap":{},"s":{"0":1},"f":{},"b":{},"_coverageSchema":"1a1c01bbd47fc00a2c39e90264f33305004495a9","hash":"21102c0180fae4da28ef740196c61de12a76b1fb"}
,"C:\\Users\\andel\\Desktop\\GitHubRepos\\quize\\src\\store\\reducers\\userScoreSlice.js": {"path":"C:\\Users\\andel\\Desktop\\GitHubRepos\\quize\\src\\store\\reducers\\userScoreSlice.js","statementMap":{"0":{"start":{"line":1,"column":21},"end":{"line":3,"column":1}},"1":{"start":{"line":5,"column":2},"end":{"line":19,"column":3}},"2":{"start":{"line":7,"column":6},"end":{"line":9,"column":7}},"3":{"start":{"line":12,"column":6},"end":{"line":14,"column":7}},"4":{"start":{"line":17,"column":6},"end":{"line":17,"column":18}},"5":{"start":{"line":21,"column":31},"end":{"line":21,"column":61}},"6":{"start":{"line":21,"column":40},"end":{"line":21,"column":61}},"7":{"start":{"line":23,"column":30},"end":{"line":23,"column":63}},"8":{"start":{"line":23,"column":37},"end":{"line":23,"column":62}},"9":{"start":{"line":24,"column":31},"end":{"line":24,"column":89}},"10":{"start":{"line":24,"column":44},"end":{"line":24,"column":88}}},"fnMap":{"0":{"name":"userScoreReducer","decl":{"start":{"line":4,"column":24},"end":{"line":4,"column":40}},"loc":{"start":{"line":4,"column":68},"end":{"line":20,"column":1}},"line":4},"1":{"name":"(anonymous_1)","decl":{"start":{"line":21,"column":31},"end":{"line":21,"column":32}},"loc":{"start":{"line":21,"column":40},"end":{"line":21,"column":61}},"line":21},"2":{"name":"(anonymous_2)","decl":{"start":{"line":23,"column":30},"end":{"line":23,"column":31}},"loc":{"start":{"line":23,"column":37},"end":{"line":23,"column":62}},"line":23},"3":{"name":"(anonymous_3)","decl":{"start":{"line":24,"column":31},"end":{"line":24,"column":32}},"loc":{"start":{"line":24,"column":44},"end":{"line":24,"column":88}},"line":24}},"branchMap":{"0":{"loc":{"start":{"line":4,"column":41},"end":{"line":4,"column":59}},"type":"default-arg","locations":[{"start":{"line":4,"column":47},"end":{"line":4,"column":59}}],"line":4},"1":{"loc":{"start":{"line":5,"column":2},"end":{"line":19,"column":3}},"type":"switch","locations":[{"start":{"line":6,"column":4},"end":{"line":10,"column":5}},{"start":{"line":11,"column":4},"end":{"line":15,"column":5}},{"start":{"line":16,"column":4},"end":{"line":18,"column":5}}],"line":5}},"s":{"0":1,"1":48,"2":0,"3":0,"4":48,"5":1,"6":0,"7":1,"8":0,"9":1,"10":0},"f":{"0":48,"1":0,"2":0,"3":0},"b":{"0":[8],"1":[0,0,48]},"_coverageSchema":"1a1c01bbd47fc00a2c39e90264f33305004495a9","hash":"02f5e28a03404dd61bd9fe7bbf791ba49d236a3a"}
,"C:\\Users\\andel\\Desktop\\GitHubRepos\\quize\\src\\store\\saga\\rootSaga.js": {"path":"C:\\Users\\andel\\Desktop\\GitHubRepos\\quize\\src\\store\\saga\\rootSaga.js","statementMap":{"0":{"start":{"line":10,"column":2},"end":{"line":10,"column":37}},"1":{"start":{"line":13,"column":24},"end":{"line":13,"column":62}},"2":{"start":{"line":15,"column":2},"end":{"line":15,"column":33}},"3":{"start":{"line":16,"column":2},"end":{"line":24,"column":3}},"4":{"start":{"line":17,"column":17},"end":{"line":17,"column":48}},"5":{"start":{"line":18,"column":4},"end":{"line":21,"column":5}},"6":{"start":{"line":19,"column":19},"end":{"line":19,"column":47}},"7":{"start":{"line":20,"column":6},"end":{"line":20,"column":54}},"8":{"start":{"line":23,"column":4},"end":{"line":23,"column":18}},"9":{"start":{"line":28,"column":2},"end":{"line":34,"column":3}}},"fnMap":{"0":{"name":"startUpFetchQuestion","decl":{"start":{"line":9,"column":17},"end":{"line":9,"column":37}},"loc":{"start":{"line":9,"column":40},"end":{"line":11,"column":1}},"line":9},"1":{"name":"startUpFetchCategories","decl":{"start":{"line":12,"column":17},"end":{"line":12,"column":39}},"loc":{"start":{"line":12,"column":42},"end":{"line":26,"column":1}},"line":12},"2":{"name":"rootSagas","decl":{"start":{"line":27,"column":25},"end":{"line":27,"column":34}},"loc":{"start":{"line":27,"column":37},"end":{"line":35,"column":1}},"line":27}},"branchMap":{"0":{"loc":{"start":{"line":18,"column":4},"end":{"line":21,"column":5}},"type":"if","locations":[{"start":{"line":18,"column":4},"end":{"line":21,"column":5}},{"start":{"line":18,"column":4},"end":{"line":21,"column":5}}],"line":18}},"s":{"0":6,"1":6,"2":6,"3":6,"4":6,"5":6,"6":6,"7":6,"8":0,"9":6},"f":{"0":6,"1":6,"2":6},"b":{"0":[6,0]},"_coverageSchema":"1a1c01bbd47fc00a2c39e90264f33305004495a9","hash":"8230460c3bf9a7ce33968844531e72feb83af456"}
,"C:\\Users\\andel\\Desktop\\GitHubRepos\\quize\\src\\store\\saga\\sagas\\watchApiChange.js": {"path":"C:\\Users\\andel\\Desktop\\GitHubRepos\\quize\\src\\store\\saga\\sagas\\watchApiChange.js","statementMap":{"0":{"start":{"line":5,"column":17},"end":{"line":5,"column":75}},"1":{"start":{"line":8,"column":20},"end":{"line":8,"column":28}},"2":{"start":{"line":9,"column":2},"end":{"line":11,"column":4}},"3":{"start":{"line":10,"column":4},"end":{"line":10,"column":27}},"4":{"start":{"line":12,"column":2},"end":{"line":12,"column":33}},"5":{"start":{"line":13,"column":2},"end":{"line":13,"column":37}},"6":{"start":{"line":17,"column":2},"end":{"line":17,"column":61}},"7":{"start":{"line":20,"column":33},"end":{"line":20,"column":93}},"8":{"start":{"line":20,"column":47},"end":{"line":20,"column":92}}},"fnMap":{"0":{"name":"handleApiChange","decl":{"start":{"line":7,"column":10},"end":{"line":7,"column":25}},"loc":{"start":{"line":7,"column":34},"end":{"line":14,"column":1}},"line":7},"1":{"name":"(anonymous_1)","decl":{"start":{"line":9,"column":25},"end":{"line":9,"column":26}},"loc":{"start":{"line":9,"column":30},"end":{"line":11,"column":3}},"line":9},"2":{"name":"watchApiChange","decl":{"start":{"line":16,"column":17},"end":{"line":16,"column":31}},"loc":{"start":{"line":16,"column":34},"end":{"line":18,"column":1}},"line":16},"3":{"name":"(anonymous_3)","decl":{"start":{"line":20,"column":33},"end":{"line":20,"column":34}},"loc":{"start":{"line":20,"column":47},"end":{"line":20,"column":92}},"line":20}},"branchMap":{},"s":{"0":1,"1":2,"2":2,"3":4,"4":2,"5":2,"6":6,"7":1,"8":8},"f":{"0":2,"1":4,"2":6,"3":8},"b":{},"_coverageSchema":"1a1c01bbd47fc00a2c39e90264f33305004495a9","hash":"730ae33547583df69624eff2413879633b342bcd"}
,"C:\\Users\\andel\\Desktop\\GitHubRepos\\quize\\src\\store\\saga\\sagas\\watchFetchQuestions.js": {"path":"C:\\Users\\andel\\Desktop\\GitHubRepos\\quize\\src\\store\\saga\\sagas\\watchFetchQuestions.js","statementMap":{"0":{"start":{"line":6,"column":19},"end":{"line":6,"column":49}},"1":{"start":{"line":7,"column":2},"end":{"line":28,"column":3}},"2":{"start":{"line":8,"column":4},"end":{"line":8,"column":34}},"3":{"start":{"line":9,"column":17},"end":{"line":9,"column":44}},"4":{"start":{"line":11,"column":4},"end":{"line":13,"column":5}},"5":{"start":{"line":12,"column":6},"end":{"line":12,"column":35}},"6":{"start":{"line":14,"column":22},"end":{"line":14,"column":51}},"7":{"start":{"line":15,"column":29},"end":{"line":24,"column":6}},"8":{"start":{"line":16,"column":6},"end":{"line":23,"column":7}},"9":{"start":{"line":22,"column":57},"end":{"line":22,"column":79}},"10":{"start":{"line":25,"column":4},"end":{"line":25,"column":46}},"11":{"start":{"line":27,"column":4},"end":{"line":27,"column":26}},"12":{"start":{"line":34,"column":2},"end":{"line":34,"column":70}},"13":{"start":{"line":37,"column":37},"end":{"line":37,"column":77}},"14":{"start":{"line":37,"column":44},"end":{"line":37,"column":76}}},"fnMap":{"0":{"name":"handleFetchQuestions","decl":{"start":{"line":5,"column":10},"end":{"line":5,"column":30}},"loc":{"start":{"line":5,"column":33},"end":{"line":31,"column":1}},"line":5},"1":{"name":"(anonymous_1)","decl":{"start":{"line":15,"column":51},"end":{"line":15,"column":52}},"loc":{"start":{"line":15,"column":56},"end":{"line":24,"column":5}},"line":15},"2":{"name":"(anonymous_2)","decl":{"start":{"line":22,"column":51},"end":{"line":22,"column":52}},"loc":{"start":{"line":22,"column":57},"end":{"line":22,"column":79}},"line":22},"3":{"name":"watchFetchQuestions","decl":{"start":{"line":33,"column":17},"end":{"line":33,"column":36}},"loc":{"start":{"line":33,"column":39},"end":{"line":35,"column":1}},"line":33},"4":{"name":"(anonymous_4)","decl":{"start":{"line":37,"column":37},"end":{"line":37,"column":38}},"loc":{"start":{"line":37,"column":44},"end":{"line":37,"column":76}},"line":37}},"branchMap":{"0":{"loc":{"start":{"line":11,"column":4},"end":{"line":13,"column":5}},"type":"if","locations":[{"start":{"line":11,"column":4},"end":{"line":13,"column":5}},{"start":{"line":11,"column":4},"end":{"line":13,"column":5}}],"line":11}},"s":{"0":8,"1":8,"2":8,"3":8,"4":8,"5":0,"6":8,"7":8,"8":80,"9":240,"10":8,"11":0,"12":6,"13":1,"14":14},"f":{"0":8,"1":80,"2":240,"3":6,"4":14},"b":{"0":[0,8]},"_coverageSchema":"1a1c01bbd47fc00a2c39e90264f33305004495a9","hash":"d89f5ecdab0dcc0b3636377188097be1a2aa06b4"}
,"C:\\Users\\andel\\Desktop\\GitHubRepos\\quize\\src\\store\\saga\\sagas\\watchIncrementIdx.js": {"path":"C:\\Users\\andel\\Desktop\\GitHubRepos\\quize\\src\\store\\saga\\sagas\\watchIncrementIdx.js","statementMap":{"0":{"start":{"line":7,"column":21},"end":{"line":7,"column":51}},"1":{"start":{"line":8,"column":19},"end":{"line":8,"column":48}},"2":{"start":{"line":9,"column":2},"end":{"line":14,"column":3}},"3":{"start":{"line":10,"column":4},"end":{"line":10,"column":25}},"4":{"start":{"line":11,"column":4},"end":{"line":11,"column":24}},"5":{"start":{"line":13,"column":4},"end":{"line":13,"column":30}},"6":{"start":{"line":18,"column":2},"end":{"line":18,"column":70}},"7":{"start":{"line":20,"column":36},"end":{"line":20,"column":74}},"8":{"start":{"line":20,"column":43},"end":{"line":20,"column":73}}},"fnMap":{"0":{"name":"handleWatchIncrementIdx","decl":{"start":{"line":6,"column":10},"end":{"line":6,"column":33}},"loc":{"start":{"line":6,"column":36},"end":{"line":15,"column":1}},"line":6},"1":{"name":"watchIncrementIdx","decl":{"start":{"line":17,"column":17},"end":{"line":17,"column":34}},"loc":{"start":{"line":17,"column":37},"end":{"line":19,"column":1}},"line":17},"2":{"name":"(anonymous_2)","decl":{"start":{"line":20,"column":36},"end":{"line":20,"column":37}},"loc":{"start":{"line":20,"column":43},"end":{"line":20,"column":73}},"line":20}},"branchMap":{"0":{"loc":{"start":{"line":9,"column":2},"end":{"line":14,"column":3}},"type":"if","locations":[{"start":{"line":9,"column":2},"end":{"line":14,"column":3}},{"start":{"line":9,"column":2},"end":{"line":14,"column":3}}],"line":9}},"s":{"0":0,"1":0,"2":0,"3":0,"4":0,"5":0,"6":6,"7":1,"8":6},"f":{"0":0,"1":6,"2":6},"b":{"0":[0,0]},"_coverageSchema":"1a1c01bbd47fc00a2c39e90264f33305004495a9","hash":"818f2f3af25df0fed85bcb832776561ba06c4a55"}
,"C:\\Users\\andel\\Desktop\\GitHubRepos\\quize\\src\\store\\saga\\sagas\\watchPlayAgain.js": {"path":"C:\\Users\\andel\\Desktop\\GitHubRepos\\quize\\src\\store\\saga\\sagas\\watchPlayAgain.js","statementMap":{"0":{"start":{"line":6,"column":2},"end":{"line":6,"column":29}},"1":{"start":{"line":7,"column":2},"end":{"line":7,"column":24}},"2":{"start":{"line":11,"column":2},"end":{"line":11,"column":59}},"3":{"start":{"line":13,"column":33},"end":{"line":13,"column":68}},"4":{"start":{"line":13,"column":40},"end":{"line":13,"column":67}}},"fnMap":{"0":{"name":"handlePlayAgain","decl":{"start":{"line":5,"column":10},"end":{"line":5,"column":25}},"loc":{"start":{"line":5,"column":28},"end":{"line":8,"column":1}},"line":5},"1":{"name":"watchPlayAgain","decl":{"start":{"line":10,"column":17},"end":{"line":10,"column":31}},"loc":{"start":{"line":10,"column":34},"end":{"line":12,"column":1}},"line":10},"2":{"name":"(anonymous_2)","decl":{"start":{"line":13,"column":33},"end":{"line":13,"column":34}},"loc":{"start":{"line":13,"column":40},"end":{"line":13,"column":67}},"line":13}},"branchMap":{},"s":{"0":0,"1":0,"2":6,"3":1,"4":6},"f":{"0":0,"1":6,"2":6},"b":{},"_coverageSchema":"1a1c01bbd47fc00a2c39e90264f33305004495a9","hash":"ea9143e85e7cbecc4898f23c571cda02990cfcb7"}
,"C:\\Users\\andel\\Desktop\\GitHubRepos\\quize\\src\\store\\saga\\sagas\\watchUserScore.js": {"path":"C:\\Users\\andel\\Desktop\\GitHubRepos\\quize\\src\\store\\saga\\sagas\\watchUserScore.js","statementMap":{"0":{"start":{"line":8,"column":2},"end":{"line":8,"column":45}},"1":{"start":{"line":9,"column":2},"end":{"line":9,"column":36}},"2":{"start":{"line":13,"column":2},"end":{"line":13,"column":61}},"3":{"start":{"line":16,"column":33},"end":{"line":16,"column":91}},"4":{"start":{"line":16,"column":46},"end":{"line":16,"column":90}}},"fnMap":{"0":{"name":"handleUserScore","decl":{"start":{"line":6,"column":10},"end":{"line":6,"column":25}},"loc":{"start":{"line":6,"column":34},"end":{"line":10,"column":1}},"line":6},"1":{"name":"watchUserScore","decl":{"start":{"line":12,"column":17},"end":{"line":12,"column":31}},"loc":{"start":{"line":12,"column":34},"end":{"line":14,"column":1}},"line":12},"2":{"name":"(anonymous_2)","decl":{"start":{"line":16,"column":33},"end":{"line":16,"column":34}},"loc":{"start":{"line":16,"column":46},"end":{"line":16,"column":90}},"line":16}},"branchMap":{},"s":{"0":0,"1":0,"2":6,"3":1,"4":6},"f":{"0":0,"1":6,"2":6},"b":{},"_coverageSchema":"1a1c01bbd47fc00a2c39e90264f33305004495a9","hash":"16e496c0e65d46306d3bc259a9bdb5bc8b114336"}
}
