TN:
SF:src/App.jsx
FN:10,App
FN:11,(anonymous_1)
FN:16,(anonymous_2)
FN:17,(anonymous_3)
FN:20,(anonymous_4)
FN:32,(anonymous_5)
FN:37,(anonymous_6)
FN:43,answerQuestion
FN:46,(anonymous_8)
FN:49,startQuiz
FN:53,playAgain
FN:59,fetchQuestions
FN:62,(anonymous_12)
FN:69,(anonymous_13)
FN:73,(anonymous_14)
FNF:15
FNH:0
FNDA:0,App
FNDA:0,(anonymous_1)
FNDA:0,(anonymous_2)
FNDA:0,(anonymous_3)
FNDA:0,(anonymous_4)
FNDA:0,(anonymous_5)
FNDA:0,(anonymous_6)
FNDA:0,answerQuestion
FNDA:0,(anonymous_8)
FNDA:0,startQuiz
FNDA:0,playAgain
FNDA:0,fetchQuestions
FNDA:0,(anonymous_12)
FNDA:0,(anonymous_13)
FNDA:0,(anonymous_14)
DA:7,0
DA:8,0
DA:11,0
DA:12,0
DA:13,0
DA:14,0
DA:15,0
DA:16,0
DA:17,0
DA:19,0
DA:20,0
DA:21,0
DA:22,0
DA:24,0
DA:26,0
DA:28,0
DA:32,0
DA:33,0
DA:34,0
DA:37,0
DA:38,0
DA:39,0
DA:45,0
DA:46,0
DA:50,0
DA:55,0
DA:56,0
DA:60,0
DA:61,0
DA:63,0
DA:64,0
DA:66,0
DA:70,0
DA:73,0
DA:76,0
DA:77,0
DA:78,0
DA:79,0
DA:86,0
DA:87,0
DA:89,0
LF:41
LH:0
BRDA:19,0,0,0
BRDA:19,0,1,0
BRDA:22,1,0,0
BRDA:22,1,1,0
BRDA:33,2,0,0
BRDA:33,2,1,0
BRDA:38,3,0,0
BRDA:38,3,1,0
BRDA:63,4,0,0
BRDA:63,4,1,0
BRDA:76,5,0,0
BRDA:76,5,1,0
BRDA:78,6,0,0
BRDA:78,6,1,0
BRDA:86,7,0,0
BRDA:86,7,1,0
BRF:16
BRH:0
end_of_record
TN:
SF:src/index.jsx
FNF:0
FNH:0
DA:6,0
LF:1
LH:0
BRF:0
BRH:0
end_of_record
TN:
SF:src/components/Choice/Choice.jsx
FN:3,Choice
FN:4,answerOn
FNF:2
FNH:0
FNDA:0,Choice
FNDA:0,answerOn
DA:5,0
DA:7,0
LF:2
LH:0
BRF:0
BRH:0
end_of_record
TN:
SF:src/components/EndScreen/EndScreen.jsx
FN:5,EndScreen
FN:17,(anonymous_1)
FNF:2
FNH:0
FNDA:0,EndScreen
FNDA:0,(anonymous_1)
DA:6,0
DA:17,0
LF:2
LH:0
BRDA:5,0,0,0
BRF:1
BRH:0
end_of_record
TN:
SF:src/components/Modal/Modal.jsx
FN:6,Modal
FN:7,handleClick
FNF:2
FNH:0
FNDA:0,Modal
FNDA:0,handleClick
DA:8,0
DA:9,0
DA:13,0
DA:14,0
LF:4
LH:0
BRDA:8,0,0,0
BRDA:8,0,1,0
BRF:2
BRH:0
end_of_record
TN:
SF:src/components/PlayingScreen/PlayingScreen.jsx
FN:5,PlayingScreen
FN:10,(anonymous_1)
FNF:2
FNH:0
FNDA:0,PlayingScreen
FNDA:0,(anonymous_1)
DA:6,0
DA:10,0
LF:2
LH:0
BRF:0
BRH:0
end_of_record
TN:
SF:src/components/Portal/Portal.jsx
FN:6,Portal
FN:8,(anonymous_1)
FN:11,(anonymous_2)
FNF:3
FNH:0
FNDA:0,Portal
FNDA:0,(anonymous_1)
FNDA:0,(anonymous_2)
DA:7,0
DA:8,0
DA:9,0
DA:10,0
DA:11,0
DA:12,0
DA:15,0
LF:7
LH:0
BRF:0
BRH:0
end_of_record
TN:
SF:src/components/QuestionMultiple/QuestionMultiple.jsx
FN:9,QuestionMultiple
FN:15,(anonymous_1)
FN:24,shuffle
FNF:3
FNH:0
FNDA:0,QuestionMultiple
FNDA:0,(anonymous_1)
FNDA:0,shuffle
DA:6,0
DA:10,0
DA:16,0
DA:25,0
DA:26,0
DA:27,0
DA:28,0
DA:30,0
LF:8
LH:0
BRDA:9,0,0,0
BRDA:9,1,0,0
BRDA:9,2,0,0
BRF:3
BRH:0
end_of_record
TN:
SF:src/components/QuestionText/QuestionText.jsx
FN:3,QuestionText
FNF:1
FNH:0
FNDA:0,QuestionText
DA:4,0
LF:1
LH:0
BRF:0
BRH:0
end_of_record
TN:
SF:src/components/QuestionTrueFalse/QuestionTrueFalse.jsx
FNF:0
FNH:0
LF:0
LH:0
BRF:0
BRH:0
end_of_record
TN:
SF:src/components/QuizResult/QuizResult.jsx
FNF:0
FNH:0
LF:0
LH:0
BRF:0
BRH:0
end_of_record
TN:
SF:src/components/Settings/Settings.jsx
FN:13,Settings
FN:16,(anonymous_1)
FN:18,(anonymous_2)
FN:25,(anonymous_3)
FN:31,handleSubmit
FN:45,(anonymous_5)
FN:64,(anonymous_6)
FN:73,(anonymous_7)
FNF:8
FNH:8
FNDA:8,Settings
FNDA:4,(anonymous_1)
FNDA:4,(anonymous_2)
FNDA:4,(anonymous_3)
FNDA:1,handleSubmit
FNDA:1,(anonymous_5)
FNDA:16,(anonymous_6)
FNDA:24,(anonymous_7)
DA:5,1
DA:6,1
DA:7,1
DA:8,1
DA:9,1
DA:10,1
DA:14,8
DA:16,8
DA:17,4
DA:19,4
DA:20,4
DA:22,0
DA:26,4
DA:32,1
DA:33,1
DA:34,1
DA:35,1
DA:36,1
DA:37,1
DA:38,1
DA:39,0
DA:40,1
DA:41,0
DA:43,1
DA:44,1
DA:45,1
DA:46,1
DA:47,1
DA:49,1
DA:50,1
DA:53,8
DA:65,16
DA:73,24
LF:33
LH:30
BRDA:19,0,0,4
BRDA:19,0,1,0
BRDA:38,1,0,0
BRDA:38,1,1,1
BRDA:40,2,0,0
BRDA:40,2,1,1
BRDA:64,3,0,8
BRDA:64,3,1,4
BRF:8
BRH:5
end_of_record
TN:
SF:src/components/StartSceen/StartScreen.jsx
FN:6,StartScreen
FN:9,toggleSettings
FN:10,(anonymous_2)
FN:13,closeModal
FN:14,(anonymous_4)
FNF:5
FNH:0
FNDA:0,StartScreen
FNDA:0,toggleSettings
FNDA:0,(anonymous_2)
FNDA:0,closeModal
FNDA:0,(anonymous_4)
DA:7,0
DA:10,0
DA:14,0
DA:17,0
LF:4
LH:0
BRDA:34,0,0,0
BRDA:34,0,1,0
BRF:2
BRH:0
end_of_record
TN:
SF:src/hooks/useScrollLock.jsx
FN:3,useScrollLock
FN:4,(anonymous_1)
FN:10,(anonymous_2)
FNF:3
FNH:0
FNDA:0,useScrollLock
FNDA:0,(anonymous_1)
FNDA:0,(anonymous_2)
DA:4,0
DA:5,0
DA:6,0
DA:7,0
DA:8,0
DA:9,0
DA:10,0
DA:11,0
DA:12,0
DA:13,0
LF:10
LH:0
BRF:0
BRH:0
end_of_record
