TN:
SF:src\App.jsx
FN:11,App
FN:18,(anonymous_1)
FN:20,(anonymous_2)
FN:22,(anonymous_3)
FNF:4
FNH:0
FNDA:0,App
FNDA:0,(anonymous_1)
FNDA:0,(anonymous_2)
FNDA:0,(anonymous_3)
DA:12,0
DA:13,0
DA:17,0
DA:18,0
DA:19,0
DA:20,0
DA:21,0
DA:22,0
DA:24,0
LF:9
LH:0
BRDA:17,0,0,0
BRDA:17,0,1,0
BRDA:19,1,0,0
BRDA:19,1,1,0
BRDA:21,2,0,0
BRDA:21,2,1,0
BRF:6
BRH:0
end_of_record
TN:
SF:src\index.jsx
FNF:0
FNH:0
DA:8,0
LF:1
LH:0
BRF:0
BRH:0
end_of_record
TN:
SF:src\components\Choice\Choice.jsx
FN:3,Choice
FN:4,answerOn
FNF:2
FNH:0
FNDA:0,Choice
FNDA:0,answerOn
DA:5,0
DA:7,0
LF:2
LH:0
BRF:0
BRH:0
end_of_record
TN:
SF:src\components\EndScreen\EndScreen.jsx
FN:9,EndScreen
FN:22,(anonymous_1)
FNF:2
FNH:0
FNDA:0,EndScreen
FNDA:0,(anonymous_1)
DA:10,0
DA:11,0
DA:22,0
LF:3
LH:0
BRF:0
BRH:0
end_of_record
TN:
SF:src\components\Modal\Modal.jsx
FN:6,Modal
FN:7,handleClick
FNF:2
FNH:0
FNDA:0,Modal
FNDA:0,handleClick
DA:8,0
DA:9,0
DA:13,0
DA:14,0
LF:4
LH:0
BRDA:8,0,0,0
BRDA:8,0,1,0
BRF:2
BRH:0
end_of_record
TN:
SF:src\components\PlayingScreen\PlayingScreen.jsx
FN:9,PlayingScreen
FN:12,answerQuestion
FNF:2
FNH:0
FNDA:0,PlayingScreen
FNDA:0,answerQuestion
DA:10,0
DA:11,0
DA:13,0
DA:14,0
DA:17,0
LF:5
LH:0
BRF:0
BRH:0
end_of_record
TN:
SF:src\components\Portal\Portal.jsx
FN:6,Portal
FN:8,(anonymous_1)
FN:11,(anonymous_2)
FNF:3
FNH:0
FNDA:0,Portal
FNDA:0,(anonymous_1)
FNDA:0,(anonymous_2)
DA:7,0
DA:8,0
DA:9,0
DA:10,0
DA:11,0
DA:12,0
DA:15,0
LF:7
LH:0
BRF:0
BRH:0
end_of_record
TN:
SF:src\components\QuestionMultiple\QuestionMultiple.jsx
FN:9,QuestionMultiple
FN:15,(anonymous_1)
FN:24,shuffle
FNF:3
FNH:0
FNDA:0,QuestionMultiple
FNDA:0,(anonymous_1)
FNDA:0,shuffle
DA:6,0
DA:10,0
DA:16,0
DA:25,0
DA:26,0
DA:27,0
DA:28,0
DA:30,0
LF:8
LH:0
BRDA:9,0,0,0
BRDA:9,1,0,0
BRDA:9,2,0,0
BRF:3
BRH:0
end_of_record
TN:
SF:src\components\QuestionText\QuestionText.jsx
FN:3,QuestionText
FNF:1
FNH:0
FNDA:0,QuestionText
DA:4,0
LF:1
LH:0
BRF:0
BRH:0
end_of_record
TN:
SF:src\components\Settings\Settings.jsx
FN:16,Settings
FN:22,handleSubmit
FN:51,(anonymous_2)
FN:60,(anonymous_3)
FNF:4
FNH:4
FNDA:12,Settings
FNDA:2,handleSubmit
FNDA:144,(anonymous_2)
FNDA:36,(anonymous_3)
DA:10,1
DA:11,1
DA:12,1
DA:13,1
DA:17,12
DA:18,12
DA:19,12
DA:23,2
DA:24,2
DA:25,2
DA:26,2
DA:27,2
DA:28,2
DA:29,2
DA:30,1
DA:32,2
DA:33,1
DA:35,2
DA:36,2
DA:37,2
DA:40,12
DA:52,144
DA:60,36
LF:23
LH:23
BRDA:29,0,0,1
BRDA:29,0,1,1
BRDA:32,1,0,1
BRDA:32,1,1,1
BRDA:51,2,0,12
BRDA:51,2,1,6
BRF:6
BRH:6
end_of_record
TN:
SF:src\components\StartScreen\StartScreen.jsx
FN:9,StartScreen
FN:12,toggleSettings
FN:13,(anonymous_2)
FN:16,closeModal
FN:17,(anonymous_4)
FNF:5
FNH:0
FNDA:0,StartScreen
FNDA:0,toggleSettings
FNDA:0,(anonymous_2)
FNDA:0,closeModal
FNDA:0,(anonymous_4)
DA:10,0
DA:11,0
DA:13,0
DA:17,0
DA:20,0
LF:5
LH:0
BRDA:39,0,0,0
BRDA:39,0,1,0
BRF:2
BRH:0
end_of_record
TN:
SF:src\hooks\useScrollLock.jsx
FN:3,useScrollLock
FN:4,(anonymous_1)
FN:10,(anonymous_2)
FNF:3
FNH:0
FNDA:0,useScrollLock
FNDA:0,(anonymous_1)
FNDA:0,(anonymous_2)
DA:4,0
DA:5,0
DA:6,0
DA:7,0
DA:8,0
DA:9,0
DA:10,0
DA:11,0
DA:12,0
DA:13,0
LF:10
LH:0
BRF:0
BRH:0
end_of_record
TN:
SF:src\store\loadingEnum.js
FNF:0
FNH:0
DA:1,1
DA:2,1
DA:3,1
DA:4,1
LF:4
LH:4
BRF:0
BRH:0
end_of_record
TN:
SF:src\store\reducers\apiSlice.js
FN:7,apiReducer
FN:25,(anonymous_1)
FN:27,(anonymous_2)
FN:28,(anonymous_3)
FNF:4
FNH:3
FNDA:48,apiReducer
FNDA:8,(anonymous_1)
FNDA:2,(anonymous_2)
FNDA:0,(anonymous_3)
DA:1,1
DA:2,1
DA:3,1
DA:4,1
DA:8,48
DA:10,2
DA:15,0
DA:20,46
DA:25,8
DA:27,2
DA:28,1
LF:11
LH:10
BRDA:7,0,0,8
BRDA:8,1,0,2
BRDA:8,1,1,0
BRDA:8,1,2,46
BRF:4
BRH:3
end_of_record
TN:
SF:src\store\reducers\categoriesSlice.js
FN:10,categoriesReducer
FN:32,(anonymous_1)
FN:33,(anonymous_2)
FN:35,(anonymous_3)
FN:36,(anonymous_4)
FNF:5
FNH:5
FNDA:48,categoriesReducer
FNDA:26,(anonymous_1)
FNDA:26,(anonymous_2)
FNDA:6,(anonymous_3)
FNDA:6,(anonymous_4)
DA:4,1
DA:8,1
DA:9,1
DA:11,48
DA:13,6
DA:20,6
DA:26,36
DA:32,26
DA:33,26
DA:35,6
DA:36,6
LF:11
LH:11
BRDA:10,0,0,8
BRDA:11,1,0,6
BRDA:11,1,1,6
BRDA:11,1,2,36
BRF:4
BRH:4
end_of_record
TN:
SF:src\store\reducers\currentIdxSlice.js
FN:4,currentIdxSlice
FN:19,(anonymous_1)
FN:21,(anonymous_2)
FN:22,(anonymous_3)
FNF:4
FNH:1
FNDA:48,currentIdxSlice
FNDA:0,(anonymous_1)
FNDA:0,(anonymous_2)
FNDA:0,(anonymous_3)
DA:1,1
DA:5,48
DA:7,0
DA:12,0
DA:15,48
DA:19,1
DA:21,1
DA:22,1
LF:8
LH:6
BRDA:4,0,0,8
BRDA:5,1,0,0
BRDA:5,1,1,0
BRDA:5,1,2,48
BRF:4
BRH:2
end_of_record
TN:
SF:src\store\reducers\gameSlice.js
FN:9,gameSlice
FN:27,(anonymous_1)
FN:28,(anonymous_2)
FN:29,(anonymous_3)
FN:30,(anonymous_4)
FNF:5
FNH:1
FNDA:48,gameSlice
FNDA:0,(anonymous_1)
FNDA:0,(anonymous_2)
FNDA:0,(anonymous_3)
FNDA:0,(anonymous_4)
DA:1,1
DA:2,1
DA:3,1
DA:5,1
DA:10,48
DA:12,0
DA:15,0
DA:18,0
DA:21,48
DA:27,1
DA:28,1
DA:29,1
DA:30,1
LF:13
LH:10
BRDA:9,0,0,8
BRDA:10,1,0,0
BRDA:10,1,1,0
BRDA:10,1,2,0
BRDA:10,1,3,48
BRF:5
BRH:2
end_of_record
TN:
SF:src\store\reducers\questionsSlice.js
FN:10,questionReducer
FN:32,(anonymous_1)
FN:33,(anonymous_2)
FN:35,(anonymous_3)
FN:36,(anonymous_4)
FNF:5
FNH:3
FNDA:48,questionReducer
FNDA:0,(anonymous_1)
FNDA:0,(anonymous_2)
FNDA:8,(anonymous_3)
FNDA:8,(anonymous_4)
DA:3,1
DA:8,1
DA:9,1
DA:12,48
DA:14,8
DA:21,8
DA:27,32
DA:32,1
DA:33,1
DA:35,8
DA:36,8
LF:11
LH:11
BRDA:10,0,0,8
BRDA:12,1,0,8
BRDA:12,1,1,8
BRDA:12,1,2,32
BRF:4
BRH:4
end_of_record
TN:
SF:src\store\reducers\reducer.js
FNF:0
FNH:0
DA:8,1
LF:1
LH:1
BRF:0
BRH:0
end_of_record
TN:
SF:src\store\reducers\userScoreSlice.js
FN:4,userScoreReducer
FN:21,(anonymous_1)
FN:23,(anonymous_2)
FN:24,(anonymous_3)
FNF:4
FNH:1
FNDA:48,userScoreReducer
FNDA:0,(anonymous_1)
FNDA:0,(anonymous_2)
FNDA:0,(anonymous_3)
DA:1,1
DA:5,48
DA:7,0
DA:12,0
DA:17,48
DA:21,1
DA:23,1
DA:24,1
LF:8
LH:6
BRDA:4,0,0,8
BRDA:5,1,0,0
BRDA:5,1,1,0
BRDA:5,1,2,48
BRF:4
BRH:2
end_of_record
TN:
SF:src\store\saga\rootSaga.js
FN:9,startUpFetchQuestion
FN:12,startUpFetchCategories
FN:27,rootSagas
FNF:3
FNH:3
FNDA:6,startUpFetchQuestion
FNDA:6,startUpFetchCategories
FNDA:6,rootSagas
DA:10,6
DA:13,6
DA:15,6
DA:16,6
DA:17,6
DA:18,6
DA:19,6
DA:20,6
DA:23,0
DA:28,6
LF:10
LH:9
BRDA:18,0,0,6
BRDA:18,0,1,0
BRF:2
BRH:1
end_of_record
TN:
SF:src\store\saga\sagas\watchApiChange.js
FN:7,handleApiChange
FN:9,(anonymous_1)
FN:16,watchApiChange
FN:20,(anonymous_3)
FNF:4
FNH:4
FNDA:2,handleApiChange
FNDA:4,(anonymous_1)
FNDA:6,watchApiChange
FNDA:8,(anonymous_3)
DA:5,1
DA:8,2
DA:9,2
DA:10,4
DA:12,2
DA:13,2
DA:17,6
DA:20,8
LF:8
LH:8
BRF:0
BRH:0
end_of_record
TN:
SF:src\store\saga\sagas\watchFetchQuestions.js
FN:5,handleFetchQuestions
FN:15,(anonymous_1)
FN:22,(anonymous_2)
FN:33,watchFetchQuestions
FN:37,(anonymous_4)
FNF:5
FNH:5
FNDA:8,handleFetchQuestions
FNDA:80,(anonymous_1)
FNDA:240,(anonymous_2)
FNDA:6,watchFetchQuestions
FNDA:14,(anonymous_4)
DA:6,8
DA:7,8
DA:8,8
DA:9,8
DA:11,8
DA:12,0
DA:14,8
DA:15,8
DA:16,80
DA:22,240
DA:25,8
DA:27,0
DA:34,6
DA:37,14
LF:14
LH:12
BRDA:11,0,0,0
BRDA:11,0,1,8
BRF:2
BRH:1
end_of_record
TN:
SF:src\store\saga\sagas\watchIncrementIdx.js
FN:6,handleWatchIncrementIdx
FN:17,watchIncrementIdx
FN:20,(anonymous_2)
FNF:3
FNH:2
FNDA:0,handleWatchIncrementIdx
FNDA:6,watchIncrementIdx
FNDA:6,(anonymous_2)
DA:7,0
DA:8,0
DA:9,0
DA:10,0
DA:11,0
DA:13,0
DA:18,6
DA:20,6
LF:8
LH:2
BRDA:9,0,0,0
BRDA:9,0,1,0
BRF:2
BRH:0
end_of_record
TN:
SF:src\store\saga\sagas\watchPlayAgain.js
FN:5,handlePlayAgain
FN:10,watchPlayAgain
FN:13,(anonymous_2)
FNF:3
FNH:2
FNDA:0,handlePlayAgain
FNDA:6,watchPlayAgain
FNDA:6,(anonymous_2)
DA:6,0
DA:7,0
DA:11,6
DA:13,6
LF:4
LH:2
BRF:0
BRH:0
end_of_record
TN:
SF:src\store\saga\sagas\watchUserScore.js
FN:6,handleUserScore
FN:12,watchUserScore
FN:16,(anonymous_2)
FNF:3
FNH:2
FNDA:0,handleUserScore
FNDA:6,watchUserScore
FNDA:6,(anonymous_2)
DA:8,0
DA:9,0
DA:13,6
DA:16,6
LF:4
LH:2
BRF:0
BRH:0
end_of_record
